
The following have been reloaded with a version change:
  1) FFTW/3.3.8-gompic-2019b => FFTW/3.3.8-gompi-2019b
  2) OpenMPI/3.1.4-gcccuda-2019b => OpenMPI/3.1.4-GCC-8.3.0
  3) ScaLAPACK/2.0.2-gompic-2019b => ScaLAPACK/2.0.2-gompi-2019b
  4) SciPy-bundle/2019.10-fosscuda-2019b-Python-3.7.4 => SciPy-bundle/2019.10-foss-2019b-Python-3.7.4

Overview of modules that are loaded
starting CNN
2021-07-01 10:04:35.032869: I tensorflow/stream_executor/platform/default/dso_loader.cc:44] Successfully opened dynamic library libcudart.so.10.1
--------------------------------------------------------------------------
[[8855,1],0]: A high-performance Open MPI point-to-point messaging module
was unable to find any relevant network interfaces:

Module: OpenFabrics (openib)
  Host: pg-gpu17

Another transport will be used instead, although this may result in
lower performance.

NOTE: You can disable this warning by setting the MCA parameter
btl_base_warn_component_unused to 0.
--------------------------------------------------------------------------
2021-07-01 10:04:41.759336: I tensorflow/stream_executor/platform/default/dso_loader.cc:44] Successfully opened dynamic library libcuda.so.1
2021-07-01 10:04:41.775668: I tensorflow/stream_executor/cuda/cuda_gpu_executor.cc:981] successful NUMA node read from SysFS had negative value (-1), but there must be at least one NUMA node, so returning NUMA node zero
2021-07-01 10:04:41.776016: I tensorflow/core/common_runtime/gpu/gpu_device.cc:1555] Found device 0 with properties: 
pciBusID: 0000:02:00.0 name: GRID V100D-32Q computeCapability: 7.0
coreClock: 1.38GHz coreCount: 80 deviceMemorySize: 32.00GiB deviceMemoryBandwidth: 836.37GiB/s
2021-07-01 10:04:41.776077: I tensorflow/stream_executor/platform/default/dso_loader.cc:44] Successfully opened dynamic library libcudart.so.10.1
2021-07-01 10:04:41.780775: I tensorflow/stream_executor/platform/default/dso_loader.cc:44] Successfully opened dynamic library libcublas.so.10
2021-07-01 10:04:41.784234: I tensorflow/stream_executor/platform/default/dso_loader.cc:44] Successfully opened dynamic library libcufft.so.10
2021-07-01 10:04:41.785792: I tensorflow/stream_executor/platform/default/dso_loader.cc:44] Successfully opened dynamic library libcurand.so.10
2021-07-01 10:04:41.789301: I tensorflow/stream_executor/platform/default/dso_loader.cc:44] Successfully opened dynamic library libcusolver.so.10
2021-07-01 10:04:41.791325: I tensorflow/stream_executor/platform/default/dso_loader.cc:44] Successfully opened dynamic library libcusparse.so.10
2021-07-01 10:04:41.797042: I tensorflow/stream_executor/platform/default/dso_loader.cc:44] Successfully opened dynamic library libcudnn.so.7
2021-07-01 10:04:41.797271: I tensorflow/stream_executor/cuda/cuda_gpu_executor.cc:981] successful NUMA node read from SysFS had negative value (-1), but there must be at least one NUMA node, so returning NUMA node zero
2021-07-01 10:04:41.797653: I tensorflow/stream_executor/cuda/cuda_gpu_executor.cc:981] successful NUMA node read from SysFS had negative value (-1), but there must be at least one NUMA node, so returning NUMA node zero
2021-07-01 10:04:41.797861: I tensorflow/core/common_runtime/gpu/gpu_device.cc:1697] Adding visible gpu devices: 0
2021-07-01 10:04:41.801102: I tensorflow/stream_executor/cuda/cuda_gpu_executor.cc:981] successful NUMA node read from SysFS had negative value (-1), but there must be at least one NUMA node, so returning NUMA node zero
2021-07-01 10:04:41.801354: I tensorflow/core/common_runtime/gpu/gpu_device.cc:1555] Found device 0 with properties: 
pciBusID: 0000:02:00.0 name: GRID V100D-32Q computeCapability: 7.0
coreClock: 1.38GHz coreCount: 80 deviceMemorySize: 32.00GiB deviceMemoryBandwidth: 836.37GiB/s
2021-07-01 10:04:41.801397: I tensorflow/stream_executor/platform/default/dso_loader.cc:44] Successfully opened dynamic library libcudart.so.10.1
2021-07-01 10:04:41.801441: I tensorflow/stream_executor/platform/default/dso_loader.cc:44] Successfully opened dynamic library libcublas.so.10
2021-07-01 10:04:41.801463: I tensorflow/stream_executor/platform/default/dso_loader.cc:44] Successfully opened dynamic library libcufft.so.10
2021-07-01 10:04:41.801503: I tensorflow/stream_executor/platform/default/dso_loader.cc:44] Successfully opened dynamic library libcurand.so.10
2021-07-01 10:04:41.801524: I tensorflow/stream_executor/platform/default/dso_loader.cc:44] Successfully opened dynamic library libcusolver.so.10
2021-07-01 10:04:41.801543: I tensorflow/stream_executor/platform/default/dso_loader.cc:44] Successfully opened dynamic library libcusparse.so.10
2021-07-01 10:04:41.801563: I tensorflow/stream_executor/platform/default/dso_loader.cc:44] Successfully opened dynamic library libcudnn.so.7
2021-07-01 10:04:41.801656: I tensorflow/stream_executor/cuda/cuda_gpu_executor.cc:981] successful NUMA node read from SysFS had negative value (-1), but there must be at least one NUMA node, so returning NUMA node zero
2021-07-01 10:04:41.801954: I tensorflow/stream_executor/cuda/cuda_gpu_executor.cc:981] successful NUMA node read from SysFS had negative value (-1), but there must be at least one NUMA node, so returning NUMA node zero
2021-07-01 10:04:41.802156: I tensorflow/core/common_runtime/gpu/gpu_device.cc:1697] Adding visible gpu devices: 0
2021-07-01 10:04:41.802202: I tensorflow/stream_executor/platform/default/dso_loader.cc:44] Successfully opened dynamic library libcudart.so.10.1
2021-07-01 10:04:42.371038: I tensorflow/core/common_runtime/gpu/gpu_device.cc:1096] Device interconnect StreamExecutor with strength 1 edge matrix:
2021-07-01 10:04:42.371133: I tensorflow/core/common_runtime/gpu/gpu_device.cc:1102]      0 
2021-07-01 10:04:42.371150: I tensorflow/core/common_runtime/gpu/gpu_device.cc:1115] 0:   N 
2021-07-01 10:04:42.371464: I tensorflow/stream_executor/cuda/cuda_gpu_executor.cc:981] successful NUMA node read from SysFS had negative value (-1), but there must be at least one NUMA node, so returning NUMA node zero
2021-07-01 10:04:42.371841: I tensorflow/stream_executor/cuda/cuda_gpu_executor.cc:981] successful NUMA node read from SysFS had negative value (-1), but there must be at least one NUMA node, so returning NUMA node zero
2021-07-01 10:04:42.372168: I tensorflow/stream_executor/cuda/cuda_gpu_executor.cc:981] successful NUMA node read from SysFS had negative value (-1), but there must be at least one NUMA node, so returning NUMA node zero
2021-07-01 10:04:42.372406: I tensorflow/core/common_runtime/gpu/gpu_device.cc:1241] Created TensorFlow device (/job:localhost/replica:0/task:0/device:GPU:0 with 28652 MB memory) -> physical GPU (device: 0, name: GRID V100D-32Q, pci bus id: 0000:02:00.0, compute capability: 7.0)
2021-07-01 10:04:42.372774: I tensorflow/core/common_runtime/process_util.cc:147] Creating new thread pool with default inter op setting: 12. Tune using inter_op_parallelism_threads for best performance.
2021-07-01 10:04:44.237445: I tensorflow/stream_executor/platform/default/dso_loader.cc:44] Successfully opened dynamic library libcublas.so.10
2021-07-01 10:04:44.518328: I tensorflow/stream_executor/platform/default/dso_loader.cc:44] Successfully opened dynamic library libcudnn.so.7
loading data
input images:  (1435, 256, 256, 7)
outputs:  (1435, 3)
STOCHASTIC run: 0
Train on 1068 samples, validate on 267 samples
Epoch 1/100
1068/1068 - 4s - loss: 0.1901 - mse: 0.1901 - val_loss: 0.1746 - val_mse: 0.1746
Epoch 2/100
1068/1068 - 1s - loss: 0.1399 - mse: 0.1399 - val_loss: 0.1098 - val_mse: 0.1098
Epoch 3/100
1068/1068 - 1s - loss: 0.0961 - mse: 0.0961 - val_loss: 0.0866 - val_mse: 0.0866
Epoch 4/100
1068/1068 - 1s - loss: 0.0642 - mse: 0.0642 - val_loss: 0.0576 - val_mse: 0.0576
Epoch 5/100
1068/1068 - 1s - loss: 0.0484 - mse: 0.0484 - val_loss: 0.0524 - val_mse: 0.0524
Epoch 6/100
1068/1068 - 1s - loss: 0.0425 - mse: 0.0425 - val_loss: 0.0532 - val_mse: 0.0532
Epoch 7/100
1068/1068 - 1s - loss: 0.0387 - mse: 0.0387 - val_loss: 0.0417 - val_mse: 0.0417
Epoch 8/100
1068/1068 - 1s - loss: 0.0321 - mse: 0.0321 - val_loss: 0.0385 - val_mse: 0.0385
Epoch 9/100
1068/1068 - 1s - loss: 0.0290 - mse: 0.0290 - val_loss: 0.0351 - val_mse: 0.0351
Epoch 10/100
1068/1068 - 1s - loss: 0.0257 - mse: 0.0257 - val_loss: 0.0301 - val_mse: 0.0301
Epoch 11/100
1068/1068 - 1s - loss: 0.0234 - mse: 0.0234 - val_loss: 0.0269 - val_mse: 0.0269
Epoch 12/100
1068/1068 - 1s - loss: 0.0192 - mse: 0.0192 - val_loss: 0.0240 - val_mse: 0.0240
Epoch 13/100
1068/1068 - 1s - loss: 0.0167 - mse: 0.0167 - val_loss: 0.0233 - val_mse: 0.0233
Epoch 14/100
1068/1068 - 1s - loss: 0.0151 - mse: 0.0151 - val_loss: 0.0199 - val_mse: 0.0199
Epoch 15/100
1068/1068 - 1s - loss: 0.0130 - mse: 0.0130 - val_loss: 0.0189 - val_mse: 0.0189
Epoch 16/100
1068/1068 - 1s - loss: 0.0122 - mse: 0.0122 - val_loss: 0.0183 - val_mse: 0.0183
Epoch 17/100
1068/1068 - 1s - loss: 0.0111 - mse: 0.0111 - val_loss: 0.0188 - val_mse: 0.0188
Epoch 18/100
1068/1068 - 1s - loss: 0.0100 - mse: 0.0100 - val_loss: 0.0166 - val_mse: 0.0166
Epoch 19/100
1068/1068 - 1s - loss: 0.0092 - mse: 0.0092 - val_loss: 0.0171 - val_mse: 0.0171
Epoch 20/100
1068/1068 - 1s - loss: 0.0091 - mse: 0.0091 - val_loss: 0.0169 - val_mse: 0.0169
Epoch 21/100
1068/1068 - 1s - loss: 0.0084 - mse: 0.0084 - val_loss: 0.0156 - val_mse: 0.0156
Epoch 22/100
1068/1068 - 1s - loss: 0.0075 - mse: 0.0075 - val_loss: 0.0152 - val_mse: 0.0152
Epoch 23/100
1068/1068 - 1s - loss: 0.0071 - mse: 0.0071 - val_loss: 0.0165 - val_mse: 0.0165
Epoch 24/100
1068/1068 - 1s - loss: 0.0069 - mse: 0.0069 - val_loss: 0.0151 - val_mse: 0.0151
Epoch 25/100
1068/1068 - 1s - loss: 0.0068 - mse: 0.0068 - val_loss: 0.0145 - val_mse: 0.0145
Epoch 26/100
1068/1068 - 1s - loss: 0.0061 - mse: 0.0061 - val_loss: 0.0151 - val_mse: 0.0151
Epoch 27/100
1068/1068 - 1s - loss: 0.0057 - mse: 0.0057 - val_loss: 0.0144 - val_mse: 0.0144
Epoch 28/100
1068/1068 - 1s - loss: 0.0054 - mse: 0.0054 - val_loss: 0.0150 - val_mse: 0.0150
Epoch 29/100
1068/1068 - 1s - loss: 0.0053 - mse: 0.0053 - val_loss: 0.0149 - val_mse: 0.0149
Epoch 30/100
1068/1068 - 1s - loss: 0.0051 - mse: 0.0051 - val_loss: 0.0148 - val_mse: 0.0148
Epoch 31/100
1068/1068 - 1s - loss: 0.0049 - mse: 0.0049 - val_loss: 0.0144 - val_mse: 0.0144
Epoch 32/100
1068/1068 - 1s - loss: 0.0044 - mse: 0.0044 - val_loss: 0.0145 - val_mse: 0.0145
Epoch 33/100
1068/1068 - 1s - loss: 0.0044 - mse: 0.0044 - val_loss: 0.0153 - val_mse: 0.0153
Epoch 34/100
1068/1068 - 1s - loss: 0.0041 - mse: 0.0041 - val_loss: 0.0146 - val_mse: 0.0146
Epoch 35/100
1068/1068 - 1s - loss: 0.0040 - mse: 0.0040 - val_loss: 0.0154 - val_mse: 0.0154
Epoch 36/100
1068/1068 - 1s - loss: 0.0039 - mse: 0.0039 - val_loss: 0.0142 - val_mse: 0.0142
Epoch 37/100
1068/1068 - 1s - loss: 0.0036 - mse: 0.0036 - val_loss: 0.0148 - val_mse: 0.0148
Epoch 38/100
1068/1068 - 1s - loss: 0.0034 - mse: 0.0034 - val_loss: 0.0149 - val_mse: 0.0149
Epoch 39/100
1068/1068 - 1s - loss: 0.0033 - mse: 0.0033 - val_loss: 0.0150 - val_mse: 0.0150
Epoch 40/100
1068/1068 - 1s - loss: 0.0034 - mse: 0.0034 - val_loss: 0.0144 - val_mse: 0.0144
Epoch 41/100
1068/1068 - 1s - loss: 0.0030 - mse: 0.0030 - val_loss: 0.0145 - val_mse: 0.0145
Epoch 42/100
1068/1068 - 1s - loss: 0.0029 - mse: 0.0029 - val_loss: 0.0149 - val_mse: 0.0149
Epoch 43/100
1068/1068 - 1s - loss: 0.0029 - mse: 0.0029 - val_loss: 0.0145 - val_mse: 0.0145
Epoch 44/100
1068/1068 - 1s - loss: 0.0028 - mse: 0.0028 - val_loss: 0.0147 - val_mse: 0.0147
Epoch 45/100
1068/1068 - 1s - loss: 0.0027 - mse: 0.0027 - val_loss: 0.0144 - val_mse: 0.0144
Epoch 46/100
1068/1068 - 1s - loss: 0.0023 - mse: 0.0023 - val_loss: 0.0148 - val_mse: 0.0148
saving model CNNxySTOCHASTIC0
model 1/120
time elapsed:
00:00:34.93
estimated time left:
01:09:16.50 


STOCHASTIC run: 1
Train on 988 samples, validate on 247 samples
Epoch 1/100
988/988 - 2s - loss: 0.6108 - mse: 0.6108 - val_loss: 0.2136 - val_mse: 0.2136
Epoch 2/100
988/988 - 1s - loss: 0.1941 - mse: 0.1941 - val_loss: 0.2014 - val_mse: 0.2014
Epoch 3/100
988/988 - 1s - loss: 0.1871 - mse: 0.1871 - val_loss: 0.1828 - val_mse: 0.1828
Epoch 4/100
988/988 - 1s - loss: 0.1647 - mse: 0.1647 - val_loss: 0.1540 - val_mse: 0.1540
Epoch 5/100
988/988 - 1s - loss: 0.1473 - mse: 0.1473 - val_loss: 0.1437 - val_mse: 0.1437
Epoch 6/100
988/988 - 1s - loss: 0.1373 - mse: 0.1373 - val_loss: 0.1307 - val_mse: 0.1307
Epoch 7/100
988/988 - 1s - loss: 0.1295 - mse: 0.1295 - val_loss: 0.1274 - val_mse: 0.1274
Epoch 8/100
988/988 - 1s - loss: 0.1269 - mse: 0.1269 - val_loss: 0.1193 - val_mse: 0.1193
Epoch 9/100
988/988 - 1s - loss: 0.1187 - mse: 0.1187 - val_loss: 0.1141 - val_mse: 0.1141
Epoch 10/100
988/988 - 1s - loss: 0.1129 - mse: 0.1129 - val_loss: 0.1059 - val_mse: 0.1059
Epoch 11/100
988/988 - 1s - loss: 0.1048 - mse: 0.1048 - val_loss: 0.1038 - val_mse: 0.1038
Epoch 12/100
988/988 - 1s - loss: 0.0983 - mse: 0.0983 - val_loss: 0.0931 - val_mse: 0.0931
Epoch 13/100
988/988 - 1s - loss: 0.0891 - mse: 0.0891 - val_loss: 0.0847 - val_mse: 0.0847
Epoch 14/100
988/988 - 1s - loss: 0.0803 - mse: 0.0803 - val_loss: 0.0794 - val_mse: 0.0794
Epoch 15/100
988/988 - 1s - loss: 0.0740 - mse: 0.0740 - val_loss: 0.0713 - val_mse: 0.0713
Epoch 16/100
988/988 - 1s - loss: 0.0679 - mse: 0.0679 - val_loss: 0.0727 - val_mse: 0.0727
Epoch 17/100
988/988 - 1s - loss: 0.0611 - mse: 0.0611 - val_loss: 0.0626 - val_mse: 0.0626
Epoch 18/100
988/988 - 1s - loss: 0.0550 - mse: 0.0550 - val_loss: 0.0579 - val_mse: 0.0579
Epoch 19/100
988/988 - 1s - loss: 0.0494 - mse: 0.0494 - val_loss: 0.0514 - val_mse: 0.0514
Epoch 20/100
988/988 - 1s - loss: 0.0450 - mse: 0.0450 - val_loss: 0.0509 - val_mse: 0.0509
Epoch 21/100
988/988 - 1s - loss: 0.0406 - mse: 0.0406 - val_loss: 0.0464 - val_mse: 0.0464
Epoch 22/100
988/988 - 1s - loss: 0.0388 - mse: 0.0388 - val_loss: 0.0456 - val_mse: 0.0456
Epoch 23/100
988/988 - 1s - loss: 0.0351 - mse: 0.0351 - val_loss: 0.0413 - val_mse: 0.0413
Epoch 24/100
988/988 - 1s - loss: 0.0328 - mse: 0.0328 - val_loss: 0.0379 - val_mse: 0.0379
Epoch 25/100
988/988 - 1s - loss: 0.0301 - mse: 0.0301 - val_loss: 0.0368 - val_mse: 0.0368
Epoch 26/100
988/988 - 1s - loss: 0.0284 - mse: 0.0284 - val_loss: 0.0348 - val_mse: 0.0348
Epoch 27/100
988/988 - 1s - loss: 0.0285 - mse: 0.0285 - val_loss: 0.0368 - val_mse: 0.0368
Epoch 28/100
988/988 - 1s - loss: 0.0255 - mse: 0.0255 - val_loss: 0.0305 - val_mse: 0.0305
Epoch 29/100
988/988 - 1s - loss: 0.0249 - mse: 0.0249 - val_loss: 0.0358 - val_mse: 0.0358
Epoch 30/100
988/988 - 1s - loss: 0.0240 - mse: 0.0240 - val_loss: 0.0306 - val_mse: 0.0306
Epoch 31/100
988/988 - 1s - loss: 0.0217 - mse: 0.0217 - val_loss: 0.0284 - val_mse: 0.0284
Epoch 32/100
988/988 - 1s - loss: 0.0210 - mse: 0.0210 - val_loss: 0.0300 - val_mse: 0.0300
Epoch 33/100
988/988 - 1s - loss: 0.0216 - mse: 0.0216 - val_loss: 0.0287 - val_mse: 0.0287
Epoch 34/100
988/988 - 1s - loss: 0.0211 - mse: 0.0211 - val_loss: 0.0294 - val_mse: 0.0294
Epoch 35/100
988/988 - 1s - loss: 0.0206 - mse: 0.0206 - val_loss: 0.0293 - val_mse: 0.0293
Epoch 36/100
988/988 - 1s - loss: 0.0193 - mse: 0.0193 - val_loss: 0.0285 - val_mse: 0.0285
Epoch 37/100
988/988 - 1s - loss: 0.0186 - mse: 0.0186 - val_loss: 0.0271 - val_mse: 0.0271
Epoch 38/100
988/988 - 1s - loss: 0.0184 - mse: 0.0184 - val_loss: 0.0279 - val_mse: 0.0279
Epoch 39/100
988/988 - 1s - loss: 0.0183 - mse: 0.0183 - val_loss: 0.0261 - val_mse: 0.0261
Epoch 40/100
988/988 - 1s - loss: 0.0178 - mse: 0.0178 - val_loss: 0.0272 - val_mse: 0.0272
Epoch 41/100
988/988 - 1s - loss: 0.0172 - mse: 0.0172 - val_loss: 0.0255 - val_mse: 0.0255
Epoch 42/100
988/988 - 1s - loss: 0.0168 - mse: 0.0168 - val_loss: 0.0258 - val_mse: 0.0258
Epoch 43/100
988/988 - 1s - loss: 0.0164 - mse: 0.0164 - val_loss: 0.0259 - val_mse: 0.0259
Epoch 44/100
988/988 - 1s - loss: 0.0159 - mse: 0.0159 - val_loss: 0.0240 - val_mse: 0.0240
Epoch 45/100
988/988 - 1s - loss: 0.0158 - mse: 0.0158 - val_loss: 0.0248 - val_mse: 0.0248
Epoch 46/100
988/988 - 1s - loss: 0.0162 - mse: 0.0162 - val_loss: 0.0256 - val_mse: 0.0256
Epoch 47/100
988/988 - 1s - loss: 0.0167 - mse: 0.0167 - val_loss: 0.0238 - val_mse: 0.0238
Epoch 48/100
988/988 - 1s - loss: 0.0159 - mse: 0.0159 - val_loss: 0.0243 - val_mse: 0.0243
Epoch 49/100
988/988 - 1s - loss: 0.0155 - mse: 0.0155 - val_loss: 0.0233 - val_mse: 0.0233
Epoch 50/100
988/988 - 1s - loss: 0.0149 - mse: 0.0149 - val_loss: 0.0233 - val_mse: 0.0233
Epoch 51/100
988/988 - 1s - loss: 0.0147 - mse: 0.0147 - val_loss: 0.0237 - val_mse: 0.0237
Epoch 52/100
988/988 - 1s - loss: 0.0141 - mse: 0.0141 - val_loss: 0.0229 - val_mse: 0.0229
Epoch 53/100
988/988 - 1s - loss: 0.0140 - mse: 0.0140 - val_loss: 0.0236 - val_mse: 0.0236
Epoch 54/100
988/988 - 1s - loss: 0.0135 - mse: 0.0135 - val_loss: 0.0231 - val_mse: 0.0231
Epoch 55/100
988/988 - 1s - loss: 0.0132 - mse: 0.0132 - val_loss: 0.0226 - val_mse: 0.0226
Epoch 56/100
988/988 - 1s - loss: 0.0126 - mse: 0.0126 - val_loss: 0.0209 - val_mse: 0.0209
Epoch 57/100
988/988 - 1s - loss: 0.0122 - mse: 0.0122 - val_loss: 0.0219 - val_mse: 0.0219
Epoch 58/100
988/988 - 1s - loss: 0.0122 - mse: 0.0122 - val_loss: 0.0203 - val_mse: 0.0203
Epoch 59/100
988/988 - 1s - loss: 0.0118 - mse: 0.0118 - val_loss: 0.0215 - val_mse: 0.0215
Epoch 60/100
988/988 - 1s - loss: 0.0117 - mse: 0.0117 - val_loss: 0.0210 - val_mse: 0.0210
Epoch 61/100
988/988 - 1s - loss: 0.0114 - mse: 0.0114 - val_loss: 0.0200 - val_mse: 0.0200
Epoch 62/100
988/988 - 1s - loss: 0.0111 - mse: 0.0111 - val_loss: 0.0197 - val_mse: 0.0197
Epoch 63/100
988/988 - 1s - loss: 0.0110 - mse: 0.0110 - val_loss: 0.0204 - val_mse: 0.0204
Epoch 64/100
988/988 - 1s - loss: 0.0110 - mse: 0.0110 - val_loss: 0.0207 - val_mse: 0.0207
Epoch 65/100
988/988 - 1s - loss: 0.0108 - mse: 0.0108 - val_loss: 0.0199 - val_mse: 0.0199
Epoch 66/100
988/988 - 1s - loss: 0.0106 - mse: 0.0106 - val_loss: 0.0196 - val_mse: 0.0196
Epoch 67/100
988/988 - 1s - loss: 0.0103 - mse: 0.0103 - val_loss: 0.0194 - val_mse: 0.0194
Epoch 68/100
988/988 - 1s - loss: 0.0105 - mse: 0.0105 - val_loss: 0.0209 - val_mse: 0.0209
Epoch 69/100
988/988 - 1s - loss: 0.0104 - mse: 0.0104 - val_loss: 0.0198 - val_mse: 0.0198
Epoch 70/100
988/988 - 1s - loss: 0.0101 - mse: 0.0101 - val_loss: 0.0191 - val_mse: 0.0191
Epoch 71/100
988/988 - 1s - loss: 0.0100 - mse: 0.0100 - val_loss: 0.0195 - val_mse: 0.0195
Epoch 72/100
988/988 - 1s - loss: 0.0097 - mse: 0.0097 - val_loss: 0.0192 - val_mse: 0.0192
Epoch 73/100
988/988 - 1s - loss: 0.0099 - mse: 0.0099 - val_loss: 0.0184 - val_mse: 0.0184
Epoch 74/100
988/988 - 1s - loss: 0.0095 - mse: 0.0095 - val_loss: 0.0186 - val_mse: 0.0186
Epoch 75/100
988/988 - 1s - loss: 0.0093 - mse: 0.0093 - val_loss: 0.0188 - val_mse: 0.0188
Epoch 76/100
988/988 - 1s - loss: 0.0094 - mse: 0.0094 - val_loss: 0.0203 - val_mse: 0.0203
Epoch 77/100
988/988 - 1s - loss: 0.0101 - mse: 0.0101 - val_loss: 0.0191 - val_mse: 0.0191
Epoch 78/100
988/988 - 1s - loss: 0.0104 - mse: 0.0104 - val_loss: 0.0175 - val_mse: 0.0175
Epoch 79/100
988/988 - 1s - loss: 0.0098 - mse: 0.0098 - val_loss: 0.0200 - val_mse: 0.0200
Epoch 80/100
988/988 - 1s - loss: 0.0094 - mse: 0.0094 - val_loss: 0.0171 - val_mse: 0.0171
Epoch 81/100
988/988 - 1s - loss: 0.0087 - mse: 0.0087 - val_loss: 0.0167 - val_mse: 0.0167
Epoch 82/100
988/988 - 1s - loss: 0.0086 - mse: 0.0086 - val_loss: 0.0174 - val_mse: 0.0174
Epoch 83/100
988/988 - 1s - loss: 0.0088 - mse: 0.0088 - val_loss: 0.0172 - val_mse: 0.0172
Epoch 84/100
988/988 - 1s - loss: 0.0089 - mse: 0.0089 - val_loss: 0.0169 - val_mse: 0.0169
Epoch 85/100
988/988 - 1s - loss: 0.0086 - mse: 0.0086 - val_loss: 0.0187 - val_mse: 0.0187
Epoch 86/100
988/988 - 1s - loss: 0.0086 - mse: 0.0086 - val_loss: 0.0173 - val_mse: 0.0173
Epoch 87/100
988/988 - 1s - loss: 0.0080 - mse: 0.0080 - val_loss: 0.0175 - val_mse: 0.0175
Epoch 88/100
988/988 - 1s - loss: 0.0079 - mse: 0.0079 - val_loss: 0.0164 - val_mse: 0.0164
Epoch 89/100
988/988 - 1s - loss: 0.0078 - mse: 0.0078 - val_loss: 0.0171 - val_mse: 0.0171
Epoch 90/100
988/988 - 1s - loss: 0.0077 - mse: 0.0077 - val_loss: 0.0158 - val_mse: 0.0158
Epoch 91/100
988/988 - 1s - loss: 0.0077 - mse: 0.0077 - val_loss: 0.0163 - val_mse: 0.0163
Epoch 92/100
988/988 - 1s - loss: 0.0076 - mse: 0.0076 - val_loss: 0.0175 - val_mse: 0.0175
Epoch 93/100
988/988 - 1s - loss: 0.0076 - mse: 0.0076 - val_loss: 0.0170 - val_mse: 0.0170
Epoch 94/100
988/988 - 1s - loss: 0.0074 - mse: 0.0074 - val_loss: 0.0167 - val_mse: 0.0167
Epoch 95/100
988/988 - 1s - loss: 0.0072 - mse: 0.0072 - val_loss: 0.0167 - val_mse: 0.0167
Epoch 96/100
988/988 - 1s - loss: 0.0072 - mse: 0.0072 - val_loss: 0.0161 - val_mse: 0.0161
Epoch 97/100
988/988 - 1s - loss: 0.0072 - mse: 0.0072 - val_loss: 0.0167 - val_mse: 0.0167
Epoch 98/100
988/988 - 1s - loss: 0.0072 - mse: 0.0072 - val_loss: 0.0163 - val_mse: 0.0163
Epoch 99/100
988/988 - 1s - loss: 0.0070 - mse: 0.0070 - val_loss: 0.0163 - val_mse: 0.0163
Epoch 100/100
988/988 - 1s - loss: 0.0070 - mse: 0.0070 - val_loss: 0.0162 - val_mse: 0.0162
saving model CNNxySTOCHASTIC1
model 2/120
time elapsed:
00:01:35.92
estimated time left:
01:34:19.32 


STOCHASTIC run: 2
Train on 908 samples, validate on 227 samples
Epoch 1/100
908/908 - 2s - loss: 0.9007 - mse: 0.9007 - val_loss: 0.2554 - val_mse: 0.2554
Epoch 2/100
908/908 - 1s - loss: 0.2122 - mse: 0.2122 - val_loss: 0.1865 - val_mse: 0.1865
Epoch 3/100
908/908 - 1s - loss: 0.1920 - mse: 0.1920 - val_loss: 0.1876 - val_mse: 0.1876
Epoch 4/100
908/908 - 1s - loss: 0.1911 - mse: 0.1911 - val_loss: 0.1845 - val_mse: 0.1845
Epoch 5/100
908/908 - 1s - loss: 0.1865 - mse: 0.1865 - val_loss: 0.1809 - val_mse: 0.1809
Epoch 6/100
908/908 - 1s - loss: 0.1811 - mse: 0.1811 - val_loss: 0.1745 - val_mse: 0.1745
Epoch 7/100
908/908 - 1s - loss: 0.1745 - mse: 0.1745 - val_loss: 0.1659 - val_mse: 0.1659
Epoch 8/100
908/908 - 1s - loss: 0.1658 - mse: 0.1658 - val_loss: 0.1610 - val_mse: 0.1610
Epoch 9/100
908/908 - 1s - loss: 0.1584 - mse: 0.1584 - val_loss: 0.1520 - val_mse: 0.1520
Epoch 10/100
908/908 - 1s - loss: 0.1498 - mse: 0.1498 - val_loss: 0.1450 - val_mse: 0.1450
Epoch 11/100
908/908 - 1s - loss: 0.1424 - mse: 0.1424 - val_loss: 0.1375 - val_mse: 0.1375
Epoch 12/100
908/908 - 1s - loss: 0.1358 - mse: 0.1358 - val_loss: 0.1310 - val_mse: 0.1310
Epoch 13/100
908/908 - 1s - loss: 0.1285 - mse: 0.1285 - val_loss: 0.1240 - val_mse: 0.1240
Epoch 14/100
908/908 - 1s - loss: 0.1217 - mse: 0.1217 - val_loss: 0.1165 - val_mse: 0.1165
Epoch 15/100
908/908 - 1s - loss: 0.1151 - mse: 0.1151 - val_loss: 0.1112 - val_mse: 0.1112
Epoch 16/100
908/908 - 1s - loss: 0.1090 - mse: 0.1090 - val_loss: 0.1046 - val_mse: 0.1046
Epoch 17/100
908/908 - 1s - loss: 0.1029 - mse: 0.1029 - val_loss: 0.0986 - val_mse: 0.0986
Epoch 18/100
908/908 - 1s - loss: 0.0978 - mse: 0.0978 - val_loss: 0.0952 - val_mse: 0.0952
Epoch 19/100
908/908 - 1s - loss: 0.0935 - mse: 0.0935 - val_loss: 0.0889 - val_mse: 0.0889
Epoch 20/100
908/908 - 1s - loss: 0.0868 - mse: 0.0868 - val_loss: 0.0840 - val_mse: 0.0840
Epoch 21/100
908/908 - 1s - loss: 0.0821 - mse: 0.0821 - val_loss: 0.0802 - val_mse: 0.0802
Epoch 22/100
908/908 - 1s - loss: 0.0780 - mse: 0.0780 - val_loss: 0.0789 - val_mse: 0.0789
Epoch 23/100
908/908 - 1s - loss: 0.0741 - mse: 0.0741 - val_loss: 0.0727 - val_mse: 0.0727
Epoch 24/100
908/908 - 1s - loss: 0.0680 - mse: 0.0680 - val_loss: 0.0688 - val_mse: 0.0688
Epoch 25/100
908/908 - 1s - loss: 0.0642 - mse: 0.0642 - val_loss: 0.0686 - val_mse: 0.0686
Epoch 26/100
908/908 - 1s - loss: 0.0623 - mse: 0.0623 - val_loss: 0.0624 - val_mse: 0.0624
Epoch 27/100
908/908 - 1s - loss: 0.0582 - mse: 0.0582 - val_loss: 0.0586 - val_mse: 0.0586
Epoch 28/100
908/908 - 1s - loss: 0.0542 - mse: 0.0542 - val_loss: 0.0582 - val_mse: 0.0582
Epoch 29/100
908/908 - 1s - loss: 0.0519 - mse: 0.0519 - val_loss: 0.0544 - val_mse: 0.0544
Epoch 30/100
908/908 - 1s - loss: 0.0490 - mse: 0.0490 - val_loss: 0.0519 - val_mse: 0.0519
Epoch 31/100
908/908 - 1s - loss: 0.0465 - mse: 0.0465 - val_loss: 0.0485 - val_mse: 0.0485
Epoch 32/100
908/908 - 1s - loss: 0.0435 - mse: 0.0435 - val_loss: 0.0476 - val_mse: 0.0476
Epoch 33/100
908/908 - 1s - loss: 0.0418 - mse: 0.0418 - val_loss: 0.0454 - val_mse: 0.0454
Epoch 34/100
908/908 - 1s - loss: 0.0399 - mse: 0.0399 - val_loss: 0.0439 - val_mse: 0.0439
Epoch 35/100
908/908 - 1s - loss: 0.0381 - mse: 0.0381 - val_loss: 0.0433 - val_mse: 0.0433
Epoch 36/100
908/908 - 1s - loss: 0.0368 - mse: 0.0368 - val_loss: 0.0425 - val_mse: 0.0425
Epoch 37/100
908/908 - 1s - loss: 0.0362 - mse: 0.0362 - val_loss: 0.0430 - val_mse: 0.0430
Epoch 38/100
908/908 - 1s - loss: 0.0350 - mse: 0.0350 - val_loss: 0.0430 - val_mse: 0.0430
Epoch 39/100
908/908 - 1s - loss: 0.0344 - mse: 0.0344 - val_loss: 0.0388 - val_mse: 0.0388
Epoch 40/100
908/908 - 1s - loss: 0.0327 - mse: 0.0327 - val_loss: 0.0431 - val_mse: 0.0431
Epoch 41/100
908/908 - 1s - loss: 0.0319 - mse: 0.0319 - val_loss: 0.0370 - val_mse: 0.0370
Epoch 42/100
908/908 - 1s - loss: 0.0307 - mse: 0.0307 - val_loss: 0.0354 - val_mse: 0.0354
Epoch 43/100
908/908 - 1s - loss: 0.0304 - mse: 0.0304 - val_loss: 0.0354 - val_mse: 0.0354
Epoch 44/100
908/908 - 1s - loss: 0.0302 - mse: 0.0302 - val_loss: 0.0357 - val_mse: 0.0357
Epoch 45/100
908/908 - 1s - loss: 0.0304 - mse: 0.0304 - val_loss: 0.0371 - val_mse: 0.0371
Epoch 46/100
908/908 - 1s - loss: 0.0302 - mse: 0.0302 - val_loss: 0.0392 - val_mse: 0.0392
Epoch 47/100
908/908 - 1s - loss: 0.0296 - mse: 0.0296 - val_loss: 0.0431 - val_mse: 0.0431
Epoch 48/100
908/908 - 1s - loss: 0.0291 - mse: 0.0291 - val_loss: 0.0369 - val_mse: 0.0369
Epoch 49/100
908/908 - 1s - loss: 0.0271 - mse: 0.0271 - val_loss: 0.0355 - val_mse: 0.0355
Epoch 50/100
908/908 - 1s - loss: 0.0268 - mse: 0.0268 - val_loss: 0.0357 - val_mse: 0.0357
Epoch 51/100
908/908 - 1s - loss: 0.0267 - mse: 0.0267 - val_loss: 0.0349 - val_mse: 0.0349
Epoch 52/100
908/908 - 1s - loss: 0.0259 - mse: 0.0259 - val_loss: 0.0349 - val_mse: 0.0349
Epoch 53/100
908/908 - 1s - loss: 0.0252 - mse: 0.0252 - val_loss: 0.0364 - val_mse: 0.0364
Epoch 54/100
908/908 - 1s - loss: 0.0256 - mse: 0.0256 - val_loss: 0.0336 - val_mse: 0.0336
Epoch 55/100
908/908 - 1s - loss: 0.0247 - mse: 0.0247 - val_loss: 0.0341 - val_mse: 0.0341
Epoch 56/100
908/908 - 1s - loss: 0.0250 - mse: 0.0250 - val_loss: 0.0329 - val_mse: 0.0329
Epoch 57/100
908/908 - 1s - loss: 0.0244 - mse: 0.0244 - val_loss: 0.0334 - val_mse: 0.0334
Epoch 58/100
908/908 - 1s - loss: 0.0242 - mse: 0.0242 - val_loss: 0.0346 - val_mse: 0.0346
Epoch 59/100
908/908 - 1s - loss: 0.0236 - mse: 0.0236 - val_loss: 0.0343 - val_mse: 0.0343
Epoch 60/100
908/908 - 1s - loss: 0.0239 - mse: 0.0239 - val_loss: 0.0339 - val_mse: 0.0339
Epoch 61/100
908/908 - 1s - loss: 0.0226 - mse: 0.0226 - val_loss: 0.0323 - val_mse: 0.0323
Epoch 62/100
908/908 - 1s - loss: 0.0221 - mse: 0.0221 - val_loss: 0.0321 - val_mse: 0.0321
Epoch 63/100
908/908 - 1s - loss: 0.0213 - mse: 0.0213 - val_loss: 0.0306 - val_mse: 0.0306
Epoch 64/100
908/908 - 1s - loss: 0.0209 - mse: 0.0209 - val_loss: 0.0337 - val_mse: 0.0337
Epoch 65/100
908/908 - 1s - loss: 0.0216 - mse: 0.0216 - val_loss: 0.0319 - val_mse: 0.0319
Epoch 66/100
908/908 - 1s - loss: 0.0207 - mse: 0.0207 - val_loss: 0.0320 - val_mse: 0.0320
Epoch 67/100
908/908 - 1s - loss: 0.0206 - mse: 0.0206 - val_loss: 0.0318 - val_mse: 0.0318
Epoch 68/100
908/908 - 1s - loss: 0.0197 - mse: 0.0197 - val_loss: 0.0315 - val_mse: 0.0315
Epoch 69/100
908/908 - 1s - loss: 0.0194 - mse: 0.0194 - val_loss: 0.0319 - val_mse: 0.0319
Epoch 70/100
908/908 - 1s - loss: 0.0202 - mse: 0.0202 - val_loss: 0.0333 - val_mse: 0.0333
Epoch 71/100
908/908 - 1s - loss: 0.0208 - mse: 0.0208 - val_loss: 0.0283 - val_mse: 0.0283
Epoch 72/100
908/908 - 1s - loss: 0.0206 - mse: 0.0206 - val_loss: 0.0310 - val_mse: 0.0310
Epoch 73/100
908/908 - 1s - loss: 0.0201 - mse: 0.0201 - val_loss: 0.0301 - val_mse: 0.0301
Epoch 74/100
908/908 - 1s - loss: 0.0199 - mse: 0.0199 - val_loss: 0.0304 - val_mse: 0.0304
Epoch 75/100
908/908 - 1s - loss: 0.0185 - mse: 0.0185 - val_loss: 0.0282 - val_mse: 0.0282
Epoch 76/100
908/908 - 1s - loss: 0.0185 - mse: 0.0185 - val_loss: 0.0286 - val_mse: 0.0286
Epoch 77/100
908/908 - 1s - loss: 0.0183 - mse: 0.0183 - val_loss: 0.0295 - val_mse: 0.0295
Epoch 78/100
908/908 - 1s - loss: 0.0177 - mse: 0.0177 - val_loss: 0.0287 - val_mse: 0.0287
Epoch 79/100
908/908 - 1s - loss: 0.0177 - mse: 0.0177 - val_loss: 0.0301 - val_mse: 0.0301
Epoch 80/100
908/908 - 1s - loss: 0.0179 - mse: 0.0179 - val_loss: 0.0287 - val_mse: 0.0287
Epoch 81/100
908/908 - 1s - loss: 0.0171 - mse: 0.0171 - val_loss: 0.0318 - val_mse: 0.0318
Epoch 82/100
908/908 - 1s - loss: 0.0176 - mse: 0.0176 - val_loss: 0.0303 - val_mse: 0.0303
Epoch 83/100
908/908 - 1s - loss: 0.0176 - mse: 0.0176 - val_loss: 0.0290 - val_mse: 0.0290
Epoch 84/100
908/908 - 1s - loss: 0.0169 - mse: 0.0169 - val_loss: 0.0278 - val_mse: 0.0278
Epoch 85/100
908/908 - 1s - loss: 0.0167 - mse: 0.0167 - val_loss: 0.0281 - val_mse: 0.0281
Epoch 86/100
908/908 - 1s - loss: 0.0167 - mse: 0.0167 - val_loss: 0.0277 - val_mse: 0.0277
Epoch 87/100
908/908 - 1s - loss: 0.0166 - mse: 0.0166 - val_loss: 0.0287 - val_mse: 0.0287
Epoch 88/100
908/908 - 1s - loss: 0.0169 - mse: 0.0169 - val_loss: 0.0282 - val_mse: 0.0282
Epoch 89/100
908/908 - 1s - loss: 0.0164 - mse: 0.0164 - val_loss: 0.0283 - val_mse: 0.0283
Epoch 90/100
908/908 - 1s - loss: 0.0164 - mse: 0.0164 - val_loss: 0.0291 - val_mse: 0.0291
Epoch 91/100
908/908 - 1s - loss: 0.0165 - mse: 0.0165 - val_loss: 0.0287 - val_mse: 0.0287
Epoch 92/100
908/908 - 1s - loss: 0.0161 - mse: 0.0161 - val_loss: 0.0273 - val_mse: 0.0273
Epoch 93/100
908/908 - 1s - loss: 0.0156 - mse: 0.0156 - val_loss: 0.0263 - val_mse: 0.0263
Epoch 94/100
908/908 - 1s - loss: 0.0154 - mse: 0.0154 - val_loss: 0.0264 - val_mse: 0.0264
Epoch 95/100
908/908 - 1s - loss: 0.0158 - mse: 0.0158 - val_loss: 0.0272 - val_mse: 0.0272
Epoch 96/100
908/908 - 1s - loss: 0.0153 - mse: 0.0153 - val_loss: 0.0271 - val_mse: 0.0271
Epoch 97/100
908/908 - 1s - loss: 0.0157 - mse: 0.0157 - val_loss: 0.0275 - val_mse: 0.0275
Epoch 98/100
908/908 - 1s - loss: 0.0152 - mse: 0.0152 - val_loss: 0.0267 - val_mse: 0.0267
Epoch 99/100
908/908 - 1s - loss: 0.0153 - mse: 0.0153 - val_loss: 0.0258 - val_mse: 0.0258
Epoch 100/100
908/908 - 1s - loss: 0.0152 - mse: 0.0152 - val_loss: 0.0270 - val_mse: 0.0270
saving model CNNxySTOCHASTIC2
model 3/120
time elapsed:
00:02:32.46
estimated time left:
01:39:06.13 


STOCHASTIC run: 3
Train on 828 samples, validate on 207 samples
Epoch 1/100
828/828 - 2s - loss: 0.3589 - mse: 0.3589 - val_loss: 0.2214 - val_mse: 0.2214
Epoch 2/100
828/828 - 0s - loss: 0.2090 - mse: 0.2090 - val_loss: 0.1979 - val_mse: 0.1979
Epoch 3/100
828/828 - 0s - loss: 0.1771 - mse: 0.1771 - val_loss: 0.1664 - val_mse: 0.1664
Epoch 4/100
828/828 - 0s - loss: 0.1415 - mse: 0.1415 - val_loss: 0.1387 - val_mse: 0.1387
Epoch 5/100
828/828 - 0s - loss: 0.1194 - mse: 0.1194 - val_loss: 0.1297 - val_mse: 0.1297
Epoch 6/100
828/828 - 0s - loss: 0.1072 - mse: 0.1072 - val_loss: 0.1108 - val_mse: 0.1108
Epoch 7/100
828/828 - 0s - loss: 0.0901 - mse: 0.0901 - val_loss: 0.0890 - val_mse: 0.0890
Epoch 8/100
828/828 - 0s - loss: 0.0740 - mse: 0.0740 - val_loss: 0.0736 - val_mse: 0.0736
Epoch 9/100
828/828 - 0s - loss: 0.0612 - mse: 0.0612 - val_loss: 0.0609 - val_mse: 0.0609
Epoch 10/100
828/828 - 0s - loss: 0.0506 - mse: 0.0506 - val_loss: 0.0521 - val_mse: 0.0521
Epoch 11/100
828/828 - 0s - loss: 0.0431 - mse: 0.0431 - val_loss: 0.0465 - val_mse: 0.0465
Epoch 12/100
828/828 - 0s - loss: 0.0381 - mse: 0.0381 - val_loss: 0.0404 - val_mse: 0.0404
Epoch 13/100
828/828 - 0s - loss: 0.0319 - mse: 0.0319 - val_loss: 0.0363 - val_mse: 0.0363
Epoch 14/100
828/828 - 0s - loss: 0.0277 - mse: 0.0277 - val_loss: 0.0343 - val_mse: 0.0343
Epoch 15/100
828/828 - 0s - loss: 0.0266 - mse: 0.0266 - val_loss: 0.0355 - val_mse: 0.0355
Epoch 16/100
828/828 - 0s - loss: 0.0261 - mse: 0.0261 - val_loss: 0.0315 - val_mse: 0.0315
Epoch 17/100
828/828 - 0s - loss: 0.0241 - mse: 0.0241 - val_loss: 0.0304 - val_mse: 0.0304
Epoch 18/100
828/828 - 0s - loss: 0.0215 - mse: 0.0215 - val_loss: 0.0286 - val_mse: 0.0286
Epoch 19/100
828/828 - 0s - loss: 0.0201 - mse: 0.0201 - val_loss: 0.0282 - val_mse: 0.0282
Epoch 20/100
828/828 - 0s - loss: 0.0193 - mse: 0.0193 - val_loss: 0.0263 - val_mse: 0.0263
Epoch 21/100
828/828 - 0s - loss: 0.0190 - mse: 0.0190 - val_loss: 0.0260 - val_mse: 0.0260
Epoch 22/100
828/828 - 0s - loss: 0.0173 - mse: 0.0173 - val_loss: 0.0249 - val_mse: 0.0249
Epoch 23/100
828/828 - 0s - loss: 0.0167 - mse: 0.0167 - val_loss: 0.0245 - val_mse: 0.0245
Epoch 24/100
828/828 - 0s - loss: 0.0159 - mse: 0.0159 - val_loss: 0.0239 - val_mse: 0.0239
Epoch 25/100
828/828 - 0s - loss: 0.0148 - mse: 0.0148 - val_loss: 0.0232 - val_mse: 0.0232
Epoch 26/100
828/828 - 0s - loss: 0.0141 - mse: 0.0141 - val_loss: 0.0220 - val_mse: 0.0220
Epoch 27/100
828/828 - 0s - loss: 0.0134 - mse: 0.0134 - val_loss: 0.0216 - val_mse: 0.0216
Epoch 28/100
828/828 - 0s - loss: 0.0129 - mse: 0.0129 - val_loss: 0.0217 - val_mse: 0.0217
Epoch 29/100
828/828 - 0s - loss: 0.0129 - mse: 0.0129 - val_loss: 0.0197 - val_mse: 0.0197
Epoch 30/100
828/828 - 0s - loss: 0.0122 - mse: 0.0122 - val_loss: 0.0189 - val_mse: 0.0189
Epoch 31/100
828/828 - 0s - loss: 0.0118 - mse: 0.0118 - val_loss: 0.0196 - val_mse: 0.0196
Epoch 32/100
828/828 - 0s - loss: 0.0111 - mse: 0.0111 - val_loss: 0.0188 - val_mse: 0.0188
Epoch 33/100
828/828 - 0s - loss: 0.0106 - mse: 0.0106 - val_loss: 0.0189 - val_mse: 0.0189
Epoch 34/100
828/828 - 0s - loss: 0.0106 - mse: 0.0106 - val_loss: 0.0184 - val_mse: 0.0184
Epoch 35/100
828/828 - 0s - loss: 0.0102 - mse: 0.0102 - val_loss: 0.0182 - val_mse: 0.0182
Epoch 36/100
828/828 - 0s - loss: 0.0098 - mse: 0.0098 - val_loss: 0.0176 - val_mse: 0.0176
Epoch 37/100
828/828 - 0s - loss: 0.0095 - mse: 0.0095 - val_loss: 0.0168 - val_mse: 0.0168
Epoch 38/100
828/828 - 0s - loss: 0.0091 - mse: 0.0091 - val_loss: 0.0169 - val_mse: 0.0169
Epoch 39/100
828/828 - 0s - loss: 0.0086 - mse: 0.0086 - val_loss: 0.0163 - val_mse: 0.0163
Epoch 40/100
828/828 - 0s - loss: 0.0084 - mse: 0.0084 - val_loss: 0.0167 - val_mse: 0.0167
Epoch 41/100
828/828 - 0s - loss: 0.0080 - mse: 0.0080 - val_loss: 0.0160 - val_mse: 0.0160
Epoch 42/100
828/828 - 0s - loss: 0.0078 - mse: 0.0078 - val_loss: 0.0165 - val_mse: 0.0165
Epoch 43/100
828/828 - 0s - loss: 0.0080 - mse: 0.0080 - val_loss: 0.0164 - val_mse: 0.0164
Epoch 44/100
828/828 - 0s - loss: 0.0079 - mse: 0.0079 - val_loss: 0.0161 - val_mse: 0.0161
Epoch 45/100
828/828 - 0s - loss: 0.0077 - mse: 0.0077 - val_loss: 0.0159 - val_mse: 0.0159
Epoch 46/100
828/828 - 0s - loss: 0.0071 - mse: 0.0071 - val_loss: 0.0160 - val_mse: 0.0160
Epoch 47/100
828/828 - 0s - loss: 0.0069 - mse: 0.0069 - val_loss: 0.0158 - val_mse: 0.0158
Epoch 48/100
828/828 - 0s - loss: 0.0067 - mse: 0.0067 - val_loss: 0.0158 - val_mse: 0.0158
Epoch 49/100
828/828 - 0s - loss: 0.0067 - mse: 0.0067 - val_loss: 0.0162 - val_mse: 0.0162
Epoch 50/100
828/828 - 0s - loss: 0.0064 - mse: 0.0064 - val_loss: 0.0155 - val_mse: 0.0155
Epoch 51/100
828/828 - 0s - loss: 0.0061 - mse: 0.0061 - val_loss: 0.0155 - val_mse: 0.0155
Epoch 52/100
828/828 - 0s - loss: 0.0061 - mse: 0.0061 - val_loss: 0.0151 - val_mse: 0.0151
Epoch 53/100
828/828 - 0s - loss: 0.0061 - mse: 0.0061 - val_loss: 0.0159 - val_mse: 0.0159
Epoch 54/100
828/828 - 0s - loss: 0.0060 - mse: 0.0060 - val_loss: 0.0158 - val_mse: 0.0158
Epoch 55/100
828/828 - 0s - loss: 0.0056 - mse: 0.0056 - val_loss: 0.0163 - val_mse: 0.0163
Epoch 56/100
828/828 - 0s - loss: 0.0059 - mse: 0.0059 - val_loss: 0.0152 - val_mse: 0.0152
Epoch 57/100
828/828 - 0s - loss: 0.0057 - mse: 0.0057 - val_loss: 0.0162 - val_mse: 0.0162
Epoch 58/100
828/828 - 0s - loss: 0.0056 - mse: 0.0056 - val_loss: 0.0155 - val_mse: 0.0155
Epoch 59/100
828/828 - 0s - loss: 0.0052 - mse: 0.0052 - val_loss: 0.0152 - val_mse: 0.0152
Epoch 60/100
828/828 - 0s - loss: 0.0051 - mse: 0.0051 - val_loss: 0.0151 - val_mse: 0.0151
Epoch 61/100
828/828 - 0s - loss: 0.0052 - mse: 0.0052 - val_loss: 0.0160 - val_mse: 0.0160
Epoch 62/100
828/828 - 0s - loss: 0.0050 - mse: 0.0050 - val_loss: 0.0154 - val_mse: 0.0154
Epoch 63/100
828/828 - 0s - loss: 0.0048 - mse: 0.0048 - val_loss: 0.0156 - val_mse: 0.0156
Epoch 64/100
828/828 - 0s - loss: 0.0045 - mse: 0.0045 - val_loss: 0.0155 - val_mse: 0.0155
Epoch 65/100
828/828 - 0s - loss: 0.0045 - mse: 0.0045 - val_loss: 0.0154 - val_mse: 0.0154
Epoch 66/100
828/828 - 0s - loss: 0.0044 - mse: 0.0044 - val_loss: 0.0151 - val_mse: 0.0151
Epoch 67/100
828/828 - 0s - loss: 0.0043 - mse: 0.0043 - val_loss: 0.0157 - val_mse: 0.0157
Epoch 68/100
828/828 - 0s - loss: 0.0041 - mse: 0.0041 - val_loss: 0.0157 - val_mse: 0.0157
Epoch 69/100
828/828 - 0s - loss: 0.0042 - mse: 0.0042 - val_loss: 0.0151 - val_mse: 0.0151
Epoch 70/100
828/828 - 0s - loss: 0.0041 - mse: 0.0041 - val_loss: 0.0151 - val_mse: 0.0151
Epoch 71/100
828/828 - 0s - loss: 0.0040 - mse: 0.0040 - val_loss: 0.0148 - val_mse: 0.0148
Epoch 72/100
828/828 - 0s - loss: 0.0040 - mse: 0.0040 - val_loss: 0.0163 - val_mse: 0.0163
Epoch 73/100
828/828 - 0s - loss: 0.0041 - mse: 0.0041 - val_loss: 0.0153 - val_mse: 0.0153
Epoch 74/100
828/828 - 0s - loss: 0.0039 - mse: 0.0039 - val_loss: 0.0146 - val_mse: 0.0146
Epoch 75/100
828/828 - 0s - loss: 0.0038 - mse: 0.0038 - val_loss: 0.0153 - val_mse: 0.0153
Epoch 76/100
828/828 - 0s - loss: 0.0036 - mse: 0.0036 - val_loss: 0.0156 - val_mse: 0.0156
Epoch 77/100
828/828 - 0s - loss: 0.0037 - mse: 0.0037 - val_loss: 0.0155 - val_mse: 0.0155
Epoch 78/100
828/828 - 0s - loss: 0.0035 - mse: 0.0035 - val_loss: 0.0153 - val_mse: 0.0153
Epoch 79/100
828/828 - 0s - loss: 0.0035 - mse: 0.0035 - val_loss: 0.0152 - val_mse: 0.0152
Epoch 80/100
828/828 - 0s - loss: 0.0035 - mse: 0.0035 - val_loss: 0.0153 - val_mse: 0.0153
Epoch 81/100
828/828 - 0s - loss: 0.0034 - mse: 0.0034 - val_loss: 0.0152 - val_mse: 0.0152
Epoch 82/100
828/828 - 0s - loss: 0.0034 - mse: 0.0034 - val_loss: 0.0158 - val_mse: 0.0158
Epoch 83/100
828/828 - 0s - loss: 0.0034 - mse: 0.0034 - val_loss: 0.0157 - val_mse: 0.0157
Epoch 84/100
828/828 - 0s - loss: 0.0033 - mse: 0.0033 - val_loss: 0.0152 - val_mse: 0.0152
saving model CNNxySTOCHASTIC3
model 4/120
time elapsed:
00:03:15.86
estimated time left:
01:34:39.85 


STOCHASTIC run: 4
Train on 748 samples, validate on 187 samples
Epoch 1/100
748/748 - 2s - loss: 1.8356 - mse: 1.8356 - val_loss: 0.8660 - val_mse: 0.8660
Epoch 2/100
748/748 - 0s - loss: 0.6416 - mse: 0.6416 - val_loss: 0.4228 - val_mse: 0.4228
Epoch 3/100
748/748 - 0s - loss: 0.3297 - mse: 0.3297 - val_loss: 0.2438 - val_mse: 0.2438
Epoch 4/100
748/748 - 0s - loss: 0.2184 - mse: 0.2184 - val_loss: 0.1918 - val_mse: 0.1918
Epoch 5/100
748/748 - 0s - loss: 0.1927 - mse: 0.1927 - val_loss: 0.1864 - val_mse: 0.1864
Epoch 6/100
748/748 - 0s - loss: 0.1915 - mse: 0.1915 - val_loss: 0.1867 - val_mse: 0.1867
Epoch 7/100
748/748 - 0s - loss: 0.1920 - mse: 0.1920 - val_loss: 0.1863 - val_mse: 0.1863
Epoch 8/100
748/748 - 0s - loss: 0.1910 - mse: 0.1910 - val_loss: 0.1858 - val_mse: 0.1858
Epoch 9/100
748/748 - 0s - loss: 0.1903 - mse: 0.1903 - val_loss: 0.1853 - val_mse: 0.1853
Epoch 10/100
748/748 - 0s - loss: 0.1897 - mse: 0.1897 - val_loss: 0.1843 - val_mse: 0.1843
Epoch 11/100
748/748 - 0s - loss: 0.1886 - mse: 0.1886 - val_loss: 0.1827 - val_mse: 0.1827
Epoch 12/100
748/748 - 0s - loss: 0.1867 - mse: 0.1867 - val_loss: 0.1795 - val_mse: 0.1795
Epoch 13/100
748/748 - 0s - loss: 0.1832 - mse: 0.1832 - val_loss: 0.1760 - val_mse: 0.1760
Epoch 14/100
748/748 - 0s - loss: 0.1801 - mse: 0.1801 - val_loss: 0.1717 - val_mse: 0.1717
Epoch 15/100
748/748 - 0s - loss: 0.1759 - mse: 0.1759 - val_loss: 0.1666 - val_mse: 0.1666
Epoch 16/100
748/748 - 0s - loss: 0.1704 - mse: 0.1704 - val_loss: 0.1607 - val_mse: 0.1607
Epoch 17/100
748/748 - 0s - loss: 0.1650 - mse: 0.1650 - val_loss: 0.1562 - val_mse: 0.1562
Epoch 18/100
748/748 - 0s - loss: 0.1614 - mse: 0.1614 - val_loss: 0.1531 - val_mse: 0.1531
Epoch 19/100
748/748 - 0s - loss: 0.1573 - mse: 0.1573 - val_loss: 0.1481 - val_mse: 0.1481
Epoch 20/100
748/748 - 0s - loss: 0.1522 - mse: 0.1522 - val_loss: 0.1426 - val_mse: 0.1426
Epoch 21/100
748/748 - 0s - loss: 0.1438 - mse: 0.1438 - val_loss: 0.1344 - val_mse: 0.1344
Epoch 22/100
748/748 - 0s - loss: 0.1369 - mse: 0.1369 - val_loss: 0.1275 - val_mse: 0.1275
Epoch 23/100
748/748 - 0s - loss: 0.1304 - mse: 0.1304 - val_loss: 0.1213 - val_mse: 0.1213
Epoch 24/100
748/748 - 0s - loss: 0.1234 - mse: 0.1234 - val_loss: 0.1201 - val_mse: 0.1201
Epoch 25/100
748/748 - 0s - loss: 0.1173 - mse: 0.1173 - val_loss: 0.1087 - val_mse: 0.1087
Epoch 26/100
748/748 - 0s - loss: 0.1099 - mse: 0.1099 - val_loss: 0.1025 - val_mse: 0.1025
Epoch 27/100
748/748 - 0s - loss: 0.1050 - mse: 0.1050 - val_loss: 0.0964 - val_mse: 0.0964
Epoch 28/100
748/748 - 0s - loss: 0.0994 - mse: 0.0994 - val_loss: 0.0917 - val_mse: 0.0917
Epoch 29/100
748/748 - 0s - loss: 0.0937 - mse: 0.0937 - val_loss: 0.0876 - val_mse: 0.0876
Epoch 30/100
748/748 - 0s - loss: 0.0888 - mse: 0.0888 - val_loss: 0.0834 - val_mse: 0.0834
Epoch 31/100
748/748 - 0s - loss: 0.0836 - mse: 0.0836 - val_loss: 0.0777 - val_mse: 0.0777
Epoch 32/100
748/748 - 0s - loss: 0.0793 - mse: 0.0793 - val_loss: 0.0739 - val_mse: 0.0739
Epoch 33/100
748/748 - 0s - loss: 0.0752 - mse: 0.0752 - val_loss: 0.0709 - val_mse: 0.0709
Epoch 34/100
748/748 - 0s - loss: 0.0731 - mse: 0.0731 - val_loss: 0.0677 - val_mse: 0.0677
Epoch 35/100
748/748 - 0s - loss: 0.0699 - mse: 0.0699 - val_loss: 0.0640 - val_mse: 0.0640
Epoch 36/100
748/748 - 0s - loss: 0.0640 - mse: 0.0640 - val_loss: 0.0660 - val_mse: 0.0660
Epoch 37/100
748/748 - 0s - loss: 0.0638 - mse: 0.0638 - val_loss: 0.0603 - val_mse: 0.0603
Epoch 38/100
748/748 - 0s - loss: 0.0632 - mse: 0.0632 - val_loss: 0.0578 - val_mse: 0.0578
Epoch 39/100
748/748 - 0s - loss: 0.0586 - mse: 0.0586 - val_loss: 0.0568 - val_mse: 0.0568
Epoch 40/100
748/748 - 0s - loss: 0.0545 - mse: 0.0545 - val_loss: 0.0507 - val_mse: 0.0507
Epoch 41/100
748/748 - 0s - loss: 0.0501 - mse: 0.0501 - val_loss: 0.0486 - val_mse: 0.0486
Epoch 42/100
748/748 - 0s - loss: 0.0467 - mse: 0.0467 - val_loss: 0.0464 - val_mse: 0.0464
Epoch 43/100
748/748 - 0s - loss: 0.0443 - mse: 0.0443 - val_loss: 0.0458 - val_mse: 0.0458
Epoch 44/100
748/748 - 0s - loss: 0.0430 - mse: 0.0430 - val_loss: 0.0446 - val_mse: 0.0446
Epoch 45/100
748/748 - 0s - loss: 0.0407 - mse: 0.0407 - val_loss: 0.0429 - val_mse: 0.0429
Epoch 46/100
748/748 - 0s - loss: 0.0381 - mse: 0.0381 - val_loss: 0.0394 - val_mse: 0.0394
Epoch 47/100
748/748 - 0s - loss: 0.0366 - mse: 0.0366 - val_loss: 0.0376 - val_mse: 0.0376
Epoch 48/100
748/748 - 0s - loss: 0.0347 - mse: 0.0347 - val_loss: 0.0374 - val_mse: 0.0374
Epoch 49/100
748/748 - 0s - loss: 0.0344 - mse: 0.0344 - val_loss: 0.0358 - val_mse: 0.0358
Epoch 50/100
748/748 - 0s - loss: 0.0322 - mse: 0.0322 - val_loss: 0.0370 - val_mse: 0.0370
Epoch 51/100
748/748 - 0s - loss: 0.0328 - mse: 0.0328 - val_loss: 0.0416 - val_mse: 0.0416
Epoch 52/100
748/748 - 0s - loss: 0.0323 - mse: 0.0323 - val_loss: 0.0349 - val_mse: 0.0349
Epoch 53/100
748/748 - 0s - loss: 0.0290 - mse: 0.0290 - val_loss: 0.0351 - val_mse: 0.0351
Epoch 54/100
748/748 - 0s - loss: 0.0283 - mse: 0.0283 - val_loss: 0.0324 - val_mse: 0.0324
Epoch 55/100
748/748 - 0s - loss: 0.0273 - mse: 0.0273 - val_loss: 0.0323 - val_mse: 0.0323
Epoch 56/100
748/748 - 0s - loss: 0.0255 - mse: 0.0255 - val_loss: 0.0307 - val_mse: 0.0307
Epoch 57/100
748/748 - 0s - loss: 0.0256 - mse: 0.0256 - val_loss: 0.0311 - val_mse: 0.0311
Epoch 58/100
748/748 - 0s - loss: 0.0248 - mse: 0.0248 - val_loss: 0.0307 - val_mse: 0.0307
Epoch 59/100
748/748 - 0s - loss: 0.0238 - mse: 0.0238 - val_loss: 0.0285 - val_mse: 0.0285
Epoch 60/100
748/748 - 0s - loss: 0.0217 - mse: 0.0217 - val_loss: 0.0273 - val_mse: 0.0273
Epoch 61/100
748/748 - 0s - loss: 0.0214 - mse: 0.0214 - val_loss: 0.0268 - val_mse: 0.0268
Epoch 62/100
748/748 - 0s - loss: 0.0209 - mse: 0.0209 - val_loss: 0.0259 - val_mse: 0.0259
Epoch 63/100
748/748 - 0s - loss: 0.0200 - mse: 0.0200 - val_loss: 0.0259 - val_mse: 0.0259
Epoch 64/100
748/748 - 0s - loss: 0.0191 - mse: 0.0191 - val_loss: 0.0249 - val_mse: 0.0249
Epoch 65/100
748/748 - 0s - loss: 0.0181 - mse: 0.0181 - val_loss: 0.0246 - val_mse: 0.0246
Epoch 66/100
748/748 - 0s - loss: 0.0182 - mse: 0.0182 - val_loss: 0.0233 - val_mse: 0.0233
Epoch 67/100
748/748 - 0s - loss: 0.0170 - mse: 0.0170 - val_loss: 0.0238 - val_mse: 0.0238
Epoch 68/100
748/748 - 0s - loss: 0.0164 - mse: 0.0164 - val_loss: 0.0231 - val_mse: 0.0231
Epoch 69/100
748/748 - 0s - loss: 0.0155 - mse: 0.0155 - val_loss: 0.0224 - val_mse: 0.0224
Epoch 70/100
748/748 - 0s - loss: 0.0149 - mse: 0.0149 - val_loss: 0.0218 - val_mse: 0.0218
Epoch 71/100
748/748 - 0s - loss: 0.0143 - mse: 0.0143 - val_loss: 0.0215 - val_mse: 0.0215
Epoch 72/100
748/748 - 0s - loss: 0.0139 - mse: 0.0139 - val_loss: 0.0225 - val_mse: 0.0225
Epoch 73/100
748/748 - 0s - loss: 0.0145 - mse: 0.0145 - val_loss: 0.0225 - val_mse: 0.0225
Epoch 74/100
748/748 - 0s - loss: 0.0137 - mse: 0.0137 - val_loss: 0.0223 - val_mse: 0.0223
Epoch 75/100
748/748 - 0s - loss: 0.0137 - mse: 0.0137 - val_loss: 0.0212 - val_mse: 0.0212
Epoch 76/100
748/748 - 0s - loss: 0.0132 - mse: 0.0132 - val_loss: 0.0205 - val_mse: 0.0205
Epoch 77/100
748/748 - 0s - loss: 0.0124 - mse: 0.0124 - val_loss: 0.0205 - val_mse: 0.0205
Epoch 78/100
748/748 - 0s - loss: 0.0125 - mse: 0.0125 - val_loss: 0.0202 - val_mse: 0.0202
Epoch 79/100
748/748 - 0s - loss: 0.0122 - mse: 0.0122 - val_loss: 0.0205 - val_mse: 0.0205
Epoch 80/100
748/748 - 0s - loss: 0.0118 - mse: 0.0118 - val_loss: 0.0202 - val_mse: 0.0202
Epoch 81/100
748/748 - 0s - loss: 0.0115 - mse: 0.0115 - val_loss: 0.0205 - val_mse: 0.0205
Epoch 82/100
748/748 - 0s - loss: 0.0114 - mse: 0.0114 - val_loss: 0.0202 - val_mse: 0.0202
Epoch 83/100
748/748 - 0s - loss: 0.0111 - mse: 0.0111 - val_loss: 0.0209 - val_mse: 0.0209
Epoch 84/100
748/748 - 0s - loss: 0.0107 - mse: 0.0107 - val_loss: 0.0208 - val_mse: 0.0208
Epoch 85/100
748/748 - 0s - loss: 0.0110 - mse: 0.0110 - val_loss: 0.0199 - val_mse: 0.0199
Epoch 86/100
748/748 - 0s - loss: 0.0107 - mse: 0.0107 - val_loss: 0.0206 - val_mse: 0.0206
Epoch 87/100
748/748 - 0s - loss: 0.0107 - mse: 0.0107 - val_loss: 0.0203 - val_mse: 0.0203
Epoch 88/100
748/748 - 0s - loss: 0.0110 - mse: 0.0110 - val_loss: 0.0197 - val_mse: 0.0197
Epoch 89/100
748/748 - 0s - loss: 0.0100 - mse: 0.0100 - val_loss: 0.0202 - val_mse: 0.0202
Epoch 90/100
748/748 - 0s - loss: 0.0099 - mse: 0.0099 - val_loss: 0.0201 - val_mse: 0.0201
Epoch 91/100
748/748 - 0s - loss: 0.0096 - mse: 0.0096 - val_loss: 0.0211 - val_mse: 0.0211
Epoch 92/100
748/748 - 0s - loss: 0.0094 - mse: 0.0094 - val_loss: 0.0197 - val_mse: 0.0197
Epoch 93/100
748/748 - 0s - loss: 0.0095 - mse: 0.0095 - val_loss: 0.0201 - val_mse: 0.0201
Epoch 94/100
748/748 - 0s - loss: 0.0094 - mse: 0.0094 - val_loss: 0.0191 - val_mse: 0.0191
Epoch 95/100
748/748 - 0s - loss: 0.0093 - mse: 0.0093 - val_loss: 0.0197 - val_mse: 0.0197
Epoch 96/100
748/748 - 0s - loss: 0.0090 - mse: 0.0090 - val_loss: 0.0196 - val_mse: 0.0196
Epoch 97/100
748/748 - 0s - loss: 0.0088 - mse: 0.0088 - val_loss: 0.0193 - val_mse: 0.0193
Epoch 98/100
748/748 - 0s - loss: 0.0085 - mse: 0.0085 - val_loss: 0.0196 - val_mse: 0.0196
Epoch 99/100
748/748 - 0s - loss: 0.0085 - mse: 0.0085 - val_loss: 0.0190 - val_mse: 0.0190
Epoch 100/100
748/748 - 0s - loss: 0.0086 - mse: 0.0086 - val_loss: 0.0196 - val_mse: 0.0196
saving model CNNxySTOCHASTIC4
model 5/120
time elapsed:
00:04:02.51
estimated time left:
01:32:57.74 


STOCHASTIC run: 5
Train on 668 samples, validate on 167 samples
Epoch 1/100
668/668 - 1s - loss: 0.3594 - mse: 0.3594 - val_loss: 0.2227 - val_mse: 0.2227
Epoch 2/100
668/668 - 0s - loss: 0.2166 - mse: 0.2166 - val_loss: 0.2003 - val_mse: 0.2003
Epoch 3/100
668/668 - 0s - loss: 0.1868 - mse: 0.1868 - val_loss: 0.1785 - val_mse: 0.1785
Epoch 4/100
668/668 - 0s - loss: 0.1580 - mse: 0.1580 - val_loss: 0.1480 - val_mse: 0.1480
Epoch 5/100
668/668 - 0s - loss: 0.1283 - mse: 0.1283 - val_loss: 0.1394 - val_mse: 0.1394
Epoch 6/100
668/668 - 0s - loss: 0.1218 - mse: 0.1218 - val_loss: 0.1335 - val_mse: 0.1335
Epoch 7/100
668/668 - 0s - loss: 0.1171 - mse: 0.1171 - val_loss: 0.1309 - val_mse: 0.1309
Epoch 8/100
668/668 - 0s - loss: 0.1115 - mse: 0.1115 - val_loss: 0.1231 - val_mse: 0.1231
Epoch 9/100
668/668 - 0s - loss: 0.1038 - mse: 0.1038 - val_loss: 0.1150 - val_mse: 0.1150
Epoch 10/100
668/668 - 0s - loss: 0.0912 - mse: 0.0912 - val_loss: 0.0995 - val_mse: 0.0995
Epoch 11/100
668/668 - 0s - loss: 0.0763 - mse: 0.0763 - val_loss: 0.0831 - val_mse: 0.0831
Epoch 12/100
668/668 - 0s - loss: 0.0620 - mse: 0.0620 - val_loss: 0.0681 - val_mse: 0.0681
Epoch 13/100
668/668 - 0s - loss: 0.0505 - mse: 0.0505 - val_loss: 0.0606 - val_mse: 0.0606
Epoch 14/100
668/668 - 0s - loss: 0.0424 - mse: 0.0424 - val_loss: 0.0538 - val_mse: 0.0538
Epoch 15/100
668/668 - 0s - loss: 0.0363 - mse: 0.0363 - val_loss: 0.0511 - val_mse: 0.0511
Epoch 16/100
668/668 - 0s - loss: 0.0323 - mse: 0.0323 - val_loss: 0.0444 - val_mse: 0.0444
Epoch 17/100
668/668 - 0s - loss: 0.0296 - mse: 0.0296 - val_loss: 0.0415 - val_mse: 0.0415
Epoch 18/100
668/668 - 0s - loss: 0.0275 - mse: 0.0275 - val_loss: 0.0406 - val_mse: 0.0406
Epoch 19/100
668/668 - 0s - loss: 0.0265 - mse: 0.0265 - val_loss: 0.0413 - val_mse: 0.0413
Epoch 20/100
668/668 - 0s - loss: 0.0252 - mse: 0.0252 - val_loss: 0.0364 - val_mse: 0.0364
Epoch 21/100
668/668 - 0s - loss: 0.0232 - mse: 0.0232 - val_loss: 0.0338 - val_mse: 0.0338
Epoch 22/100
668/668 - 0s - loss: 0.0224 - mse: 0.0224 - val_loss: 0.0328 - val_mse: 0.0328
Epoch 23/100
668/668 - 0s - loss: 0.0215 - mse: 0.0215 - val_loss: 0.0308 - val_mse: 0.0308
Epoch 24/100
668/668 - 0s - loss: 0.0199 - mse: 0.0199 - val_loss: 0.0318 - val_mse: 0.0318
Epoch 25/100
668/668 - 0s - loss: 0.0186 - mse: 0.0186 - val_loss: 0.0296 - val_mse: 0.0296
Epoch 26/100
668/668 - 0s - loss: 0.0179 - mse: 0.0179 - val_loss: 0.0290 - val_mse: 0.0290
Epoch 27/100
668/668 - 0s - loss: 0.0183 - mse: 0.0183 - val_loss: 0.0285 - val_mse: 0.0285
Epoch 28/100
668/668 - 0s - loss: 0.0173 - mse: 0.0173 - val_loss: 0.0286 - val_mse: 0.0286
Epoch 29/100
668/668 - 0s - loss: 0.0154 - mse: 0.0154 - val_loss: 0.0297 - val_mse: 0.0297
Epoch 30/100
668/668 - 0s - loss: 0.0146 - mse: 0.0146 - val_loss: 0.0279 - val_mse: 0.0279
Epoch 31/100
668/668 - 0s - loss: 0.0138 - mse: 0.0138 - val_loss: 0.0284 - val_mse: 0.0284
Epoch 32/100
668/668 - 0s - loss: 0.0131 - mse: 0.0131 - val_loss: 0.0268 - val_mse: 0.0268
Epoch 33/100
668/668 - 0s - loss: 0.0130 - mse: 0.0130 - val_loss: 0.0284 - val_mse: 0.0284
Epoch 34/100
668/668 - 0s - loss: 0.0123 - mse: 0.0123 - val_loss: 0.0256 - val_mse: 0.0256
Epoch 35/100
668/668 - 0s - loss: 0.0118 - mse: 0.0118 - val_loss: 0.0294 - val_mse: 0.0294
Epoch 36/100
668/668 - 0s - loss: 0.0119 - mse: 0.0119 - val_loss: 0.0284 - val_mse: 0.0284
Epoch 37/100
668/668 - 0s - loss: 0.0111 - mse: 0.0111 - val_loss: 0.0244 - val_mse: 0.0244
Epoch 38/100
668/668 - 0s - loss: 0.0107 - mse: 0.0107 - val_loss: 0.0261 - val_mse: 0.0261
Epoch 39/100
668/668 - 0s - loss: 0.0103 - mse: 0.0103 - val_loss: 0.0231 - val_mse: 0.0231
Epoch 40/100
668/668 - 0s - loss: 0.0099 - mse: 0.0099 - val_loss: 0.0220 - val_mse: 0.0220
Epoch 41/100
668/668 - 0s - loss: 0.0097 - mse: 0.0097 - val_loss: 0.0220 - val_mse: 0.0220
Epoch 42/100
668/668 - 0s - loss: 0.0093 - mse: 0.0093 - val_loss: 0.0212 - val_mse: 0.0212
Epoch 43/100
668/668 - 0s - loss: 0.0088 - mse: 0.0088 - val_loss: 0.0220 - val_mse: 0.0220
Epoch 44/100
668/668 - 0s - loss: 0.0084 - mse: 0.0084 - val_loss: 0.0230 - val_mse: 0.0230
Epoch 45/100
668/668 - 0s - loss: 0.0080 - mse: 0.0080 - val_loss: 0.0228 - val_mse: 0.0228
Epoch 46/100
668/668 - 0s - loss: 0.0077 - mse: 0.0077 - val_loss: 0.0214 - val_mse: 0.0214
Epoch 47/100
668/668 - 0s - loss: 0.0075 - mse: 0.0075 - val_loss: 0.0200 - val_mse: 0.0200
Epoch 48/100
668/668 - 0s - loss: 0.0072 - mse: 0.0072 - val_loss: 0.0198 - val_mse: 0.0198
Epoch 49/100
668/668 - 0s - loss: 0.0070 - mse: 0.0070 - val_loss: 0.0197 - val_mse: 0.0197
Epoch 50/100
668/668 - 0s - loss: 0.0067 - mse: 0.0067 - val_loss: 0.0215 - val_mse: 0.0215
Epoch 51/100
668/668 - 0s - loss: 0.0066 - mse: 0.0066 - val_loss: 0.0214 - val_mse: 0.0214
Epoch 52/100
668/668 - 0s - loss: 0.0066 - mse: 0.0066 - val_loss: 0.0216 - val_mse: 0.0216
Epoch 53/100
668/668 - 0s - loss: 0.0062 - mse: 0.0062 - val_loss: 0.0211 - val_mse: 0.0211
Epoch 54/100
668/668 - 0s - loss: 0.0062 - mse: 0.0062 - val_loss: 0.0209 - val_mse: 0.0209
Epoch 55/100
668/668 - 0s - loss: 0.0060 - mse: 0.0060 - val_loss: 0.0201 - val_mse: 0.0201
Epoch 56/100
668/668 - 0s - loss: 0.0057 - mse: 0.0057 - val_loss: 0.0197 - val_mse: 0.0197
Epoch 57/100
668/668 - 0s - loss: 0.0056 - mse: 0.0056 - val_loss: 0.0206 - val_mse: 0.0206
Epoch 58/100
668/668 - 0s - loss: 0.0055 - mse: 0.0055 - val_loss: 0.0190 - val_mse: 0.0190
Epoch 59/100
668/668 - 0s - loss: 0.0054 - mse: 0.0054 - val_loss: 0.0193 - val_mse: 0.0193
Epoch 60/100
668/668 - 0s - loss: 0.0053 - mse: 0.0053 - val_loss: 0.0193 - val_mse: 0.0193
Epoch 61/100
668/668 - 0s - loss: 0.0053 - mse: 0.0053 - val_loss: 0.0211 - val_mse: 0.0211
Epoch 62/100
668/668 - 0s - loss: 0.0052 - mse: 0.0052 - val_loss: 0.0201 - val_mse: 0.0201
Epoch 63/100
668/668 - 0s - loss: 0.0051 - mse: 0.0051 - val_loss: 0.0196 - val_mse: 0.0196
Epoch 64/100
668/668 - 0s - loss: 0.0049 - mse: 0.0049 - val_loss: 0.0192 - val_mse: 0.0192
Epoch 65/100
668/668 - 0s - loss: 0.0048 - mse: 0.0048 - val_loss: 0.0202 - val_mse: 0.0202
Epoch 66/100
668/668 - 0s - loss: 0.0047 - mse: 0.0047 - val_loss: 0.0194 - val_mse: 0.0194
Epoch 67/100
668/668 - 0s - loss: 0.0046 - mse: 0.0046 - val_loss: 0.0206 - val_mse: 0.0206
Epoch 68/100
668/668 - 0s - loss: 0.0045 - mse: 0.0045 - val_loss: 0.0197 - val_mse: 0.0197
saving model CNNxySTOCHASTIC5
model 6/120
time elapsed:
00:04:31.48
estimated time left:
01:25:58.13 


STOCHASTIC run: 6
Train on 588 samples, validate on 147 samples
Epoch 1/100
588/588 - 2s - loss: 0.2689 - mse: 0.2689 - val_loss: 0.2371 - val_mse: 0.2371
Epoch 2/100
588/588 - 0s - loss: 0.2036 - mse: 0.2036 - val_loss: 0.1817 - val_mse: 0.1817
Epoch 3/100
588/588 - 0s - loss: 0.1569 - mse: 0.1569 - val_loss: 0.1336 - val_mse: 0.1336
Epoch 4/100
588/588 - 0s - loss: 0.1181 - mse: 0.1181 - val_loss: 0.1212 - val_mse: 0.1212
Epoch 5/100
588/588 - 0s - loss: 0.1053 - mse: 0.1053 - val_loss: 0.1037 - val_mse: 0.1037
Epoch 6/100
588/588 - 0s - loss: 0.0851 - mse: 0.0851 - val_loss: 0.0863 - val_mse: 0.0863
Epoch 7/100
588/588 - 0s - loss: 0.0647 - mse: 0.0647 - val_loss: 0.0676 - val_mse: 0.0676
Epoch 8/100
588/588 - 0s - loss: 0.0541 - mse: 0.0541 - val_loss: 0.0600 - val_mse: 0.0600
Epoch 9/100
588/588 - 0s - loss: 0.0478 - mse: 0.0478 - val_loss: 0.0544 - val_mse: 0.0544
Epoch 10/100
588/588 - 0s - loss: 0.0439 - mse: 0.0439 - val_loss: 0.0530 - val_mse: 0.0530
Epoch 11/100
588/588 - 0s - loss: 0.0391 - mse: 0.0391 - val_loss: 0.0468 - val_mse: 0.0468
Epoch 12/100
588/588 - 0s - loss: 0.0367 - mse: 0.0367 - val_loss: 0.0438 - val_mse: 0.0438
Epoch 13/100
588/588 - 0s - loss: 0.0327 - mse: 0.0327 - val_loss: 0.0415 - val_mse: 0.0415
Epoch 14/100
588/588 - 0s - loss: 0.0294 - mse: 0.0294 - val_loss: 0.0389 - val_mse: 0.0389
Epoch 15/100
588/588 - 0s - loss: 0.0277 - mse: 0.0277 - val_loss: 0.0388 - val_mse: 0.0388
Epoch 16/100
588/588 - 0s - loss: 0.0250 - mse: 0.0250 - val_loss: 0.0364 - val_mse: 0.0364
Epoch 17/100
588/588 - 0s - loss: 0.0227 - mse: 0.0227 - val_loss: 0.0368 - val_mse: 0.0368
Epoch 18/100
588/588 - 0s - loss: 0.0214 - mse: 0.0214 - val_loss: 0.0330 - val_mse: 0.0330
Epoch 19/100
588/588 - 0s - loss: 0.0194 - mse: 0.0194 - val_loss: 0.0321 - val_mse: 0.0321
Epoch 20/100
588/588 - 0s - loss: 0.0186 - mse: 0.0186 - val_loss: 0.0297 - val_mse: 0.0297
Epoch 21/100
588/588 - 0s - loss: 0.0175 - mse: 0.0175 - val_loss: 0.0290 - val_mse: 0.0290
Epoch 22/100
588/588 - 0s - loss: 0.0155 - mse: 0.0155 - val_loss: 0.0274 - val_mse: 0.0274
Epoch 23/100
588/588 - 0s - loss: 0.0145 - mse: 0.0145 - val_loss: 0.0292 - val_mse: 0.0292
Epoch 24/100
588/588 - 0s - loss: 0.0148 - mse: 0.0148 - val_loss: 0.0292 - val_mse: 0.0292
Epoch 25/100
588/588 - 0s - loss: 0.0137 - mse: 0.0137 - val_loss: 0.0248 - val_mse: 0.0248
Epoch 26/100
588/588 - 0s - loss: 0.0115 - mse: 0.0115 - val_loss: 0.0242 - val_mse: 0.0242
Epoch 27/100
588/588 - 0s - loss: 0.0106 - mse: 0.0106 - val_loss: 0.0233 - val_mse: 0.0233
Epoch 28/100
588/588 - 0s - loss: 0.0099 - mse: 0.0099 - val_loss: 0.0230 - val_mse: 0.0230
Epoch 29/100
588/588 - 0s - loss: 0.0093 - mse: 0.0093 - val_loss: 0.0228 - val_mse: 0.0228
Epoch 30/100
588/588 - 0s - loss: 0.0089 - mse: 0.0089 - val_loss: 0.0231 - val_mse: 0.0231
Epoch 31/100
588/588 - 0s - loss: 0.0087 - mse: 0.0087 - val_loss: 0.0227 - val_mse: 0.0227
Epoch 32/100
588/588 - 0s - loss: 0.0082 - mse: 0.0082 - val_loss: 0.0230 - val_mse: 0.0230
Epoch 33/100
588/588 - 0s - loss: 0.0078 - mse: 0.0078 - val_loss: 0.0216 - val_mse: 0.0216
Epoch 34/100
588/588 - 0s - loss: 0.0070 - mse: 0.0070 - val_loss: 0.0216 - val_mse: 0.0216
Epoch 35/100
588/588 - 0s - loss: 0.0067 - mse: 0.0067 - val_loss: 0.0210 - val_mse: 0.0210
Epoch 36/100
588/588 - 0s - loss: 0.0067 - mse: 0.0067 - val_loss: 0.0222 - val_mse: 0.0222
Epoch 37/100
588/588 - 0s - loss: 0.0062 - mse: 0.0062 - val_loss: 0.0205 - val_mse: 0.0205
Epoch 38/100
588/588 - 0s - loss: 0.0059 - mse: 0.0059 - val_loss: 0.0216 - val_mse: 0.0216
Epoch 39/100
588/588 - 0s - loss: 0.0057 - mse: 0.0057 - val_loss: 0.0211 - val_mse: 0.0211
Epoch 40/100
588/588 - 0s - loss: 0.0055 - mse: 0.0055 - val_loss: 0.0231 - val_mse: 0.0231
Epoch 41/100
588/588 - 0s - loss: 0.0056 - mse: 0.0056 - val_loss: 0.0209 - val_mse: 0.0209
Epoch 42/100
588/588 - 0s - loss: 0.0050 - mse: 0.0050 - val_loss: 0.0213 - val_mse: 0.0213
Epoch 43/100
588/588 - 0s - loss: 0.0047 - mse: 0.0047 - val_loss: 0.0212 - val_mse: 0.0212
Epoch 44/100
588/588 - 0s - loss: 0.0046 - mse: 0.0046 - val_loss: 0.0208 - val_mse: 0.0208
Epoch 45/100
588/588 - 0s - loss: 0.0044 - mse: 0.0044 - val_loss: 0.0208 - val_mse: 0.0208
Epoch 46/100
588/588 - 0s - loss: 0.0044 - mse: 0.0044 - val_loss: 0.0210 - val_mse: 0.0210
Epoch 47/100
588/588 - 0s - loss: 0.0048 - mse: 0.0048 - val_loss: 0.0211 - val_mse: 0.0211
saving model CNNxySTOCHASTIC6
model 7/120
time elapsed:
00:04:50.15
estimated time left:
01:18:03.82 


STOCHASTIC run: 7
Train on 508 samples, validate on 127 samples
Epoch 1/100
508/508 - 1s - loss: 0.2139 - mse: 0.2139 - val_loss: 0.2021 - val_mse: 0.2021
Epoch 2/100
508/508 - 0s - loss: 0.1879 - mse: 0.1879 - val_loss: 0.1913 - val_mse: 0.1913
Epoch 3/100
508/508 - 0s - loss: 0.1705 - mse: 0.1705 - val_loss: 0.1552 - val_mse: 0.1552
Epoch 4/100
508/508 - 0s - loss: 0.1402 - mse: 0.1402 - val_loss: 0.1204 - val_mse: 0.1204
Epoch 5/100
508/508 - 0s - loss: 0.1086 - mse: 0.1086 - val_loss: 0.0914 - val_mse: 0.0914
Epoch 6/100
508/508 - 0s - loss: 0.0870 - mse: 0.0870 - val_loss: 0.0771 - val_mse: 0.0771
Epoch 7/100
508/508 - 0s - loss: 0.0680 - mse: 0.0680 - val_loss: 0.0627 - val_mse: 0.0627
Epoch 8/100
508/508 - 0s - loss: 0.0587 - mse: 0.0587 - val_loss: 0.0582 - val_mse: 0.0582
Epoch 9/100
508/508 - 0s - loss: 0.0561 - mse: 0.0561 - val_loss: 0.0520 - val_mse: 0.0520
Epoch 10/100
508/508 - 0s - loss: 0.0514 - mse: 0.0514 - val_loss: 0.0482 - val_mse: 0.0482
Epoch 11/100
508/508 - 0s - loss: 0.0484 - mse: 0.0484 - val_loss: 0.0451 - val_mse: 0.0451
Epoch 12/100
508/508 - 0s - loss: 0.0452 - mse: 0.0452 - val_loss: 0.0425 - val_mse: 0.0425
Epoch 13/100
508/508 - 0s - loss: 0.0420 - mse: 0.0420 - val_loss: 0.0394 - val_mse: 0.0394
Epoch 14/100
508/508 - 0s - loss: 0.0391 - mse: 0.0391 - val_loss: 0.0411 - val_mse: 0.0411
Epoch 15/100
508/508 - 0s - loss: 0.0372 - mse: 0.0372 - val_loss: 0.0351 - val_mse: 0.0351
Epoch 16/100
508/508 - 0s - loss: 0.0329 - mse: 0.0329 - val_loss: 0.0308 - val_mse: 0.0308
Epoch 17/100
508/508 - 0s - loss: 0.0305 - mse: 0.0305 - val_loss: 0.0292 - val_mse: 0.0292
Epoch 18/100
508/508 - 0s - loss: 0.0279 - mse: 0.0279 - val_loss: 0.0267 - val_mse: 0.0267
Epoch 19/100
508/508 - 0s - loss: 0.0259 - mse: 0.0259 - val_loss: 0.0267 - val_mse: 0.0267
Epoch 20/100
508/508 - 0s - loss: 0.0247 - mse: 0.0247 - val_loss: 0.0241 - val_mse: 0.0241
Epoch 21/100
508/508 - 0s - loss: 0.0218 - mse: 0.0218 - val_loss: 0.0233 - val_mse: 0.0233
Epoch 22/100
508/508 - 0s - loss: 0.0208 - mse: 0.0208 - val_loss: 0.0209 - val_mse: 0.0209
Epoch 23/100
508/508 - 0s - loss: 0.0190 - mse: 0.0190 - val_loss: 0.0193 - val_mse: 0.0193
Epoch 24/100
508/508 - 0s - loss: 0.0180 - mse: 0.0180 - val_loss: 0.0188 - val_mse: 0.0188
Epoch 25/100
508/508 - 0s - loss: 0.0171 - mse: 0.0171 - val_loss: 0.0196 - val_mse: 0.0196
Epoch 26/100
508/508 - 0s - loss: 0.0168 - mse: 0.0168 - val_loss: 0.0227 - val_mse: 0.0227
Epoch 27/100
508/508 - 0s - loss: 0.0150 - mse: 0.0150 - val_loss: 0.0176 - val_mse: 0.0176
Epoch 28/100
508/508 - 0s - loss: 0.0130 - mse: 0.0130 - val_loss: 0.0153 - val_mse: 0.0153
Epoch 29/100
508/508 - 0s - loss: 0.0120 - mse: 0.0120 - val_loss: 0.0156 - val_mse: 0.0156
Epoch 30/100
508/508 - 0s - loss: 0.0116 - mse: 0.0116 - val_loss: 0.0137 - val_mse: 0.0137
Epoch 31/100
508/508 - 0s - loss: 0.0110 - mse: 0.0110 - val_loss: 0.0139 - val_mse: 0.0139
Epoch 32/100
508/508 - 0s - loss: 0.0106 - mse: 0.0106 - val_loss: 0.0137 - val_mse: 0.0137
Epoch 33/100
508/508 - 0s - loss: 0.0093 - mse: 0.0093 - val_loss: 0.0130 - val_mse: 0.0130
Epoch 34/100
508/508 - 0s - loss: 0.0090 - mse: 0.0090 - val_loss: 0.0125 - val_mse: 0.0125
Epoch 35/100
508/508 - 0s - loss: 0.0087 - mse: 0.0087 - val_loss: 0.0127 - val_mse: 0.0127
Epoch 36/100
508/508 - 0s - loss: 0.0088 - mse: 0.0088 - val_loss: 0.0120 - val_mse: 0.0120
Epoch 37/100
508/508 - 0s - loss: 0.0077 - mse: 0.0077 - val_loss: 0.0119 - val_mse: 0.0119
Epoch 38/100
508/508 - 0s - loss: 0.0075 - mse: 0.0075 - val_loss: 0.0113 - val_mse: 0.0113
Epoch 39/100
508/508 - 0s - loss: 0.0072 - mse: 0.0072 - val_loss: 0.0118 - val_mse: 0.0118
Epoch 40/100
508/508 - 0s - loss: 0.0070 - mse: 0.0070 - val_loss: 0.0118 - val_mse: 0.0118
Epoch 41/100
508/508 - 0s - loss: 0.0066 - mse: 0.0066 - val_loss: 0.0116 - val_mse: 0.0116
Epoch 42/100
508/508 - 0s - loss: 0.0066 - mse: 0.0066 - val_loss: 0.0110 - val_mse: 0.0110
Epoch 43/100
508/508 - 0s - loss: 0.0063 - mse: 0.0063 - val_loss: 0.0111 - val_mse: 0.0111
Epoch 44/100
508/508 - 0s - loss: 0.0060 - mse: 0.0060 - val_loss: 0.0110 - val_mse: 0.0110
Epoch 45/100
508/508 - 0s - loss: 0.0059 - mse: 0.0059 - val_loss: 0.0108 - val_mse: 0.0108
Epoch 46/100
508/508 - 0s - loss: 0.0057 - mse: 0.0057 - val_loss: 0.0110 - val_mse: 0.0110
Epoch 47/100
508/508 - 0s - loss: 0.0056 - mse: 0.0056 - val_loss: 0.0109 - val_mse: 0.0109
Epoch 48/100
508/508 - 0s - loss: 0.0053 - mse: 0.0053 - val_loss: 0.0106 - val_mse: 0.0106
Epoch 49/100
508/508 - 0s - loss: 0.0053 - mse: 0.0053 - val_loss: 0.0110 - val_mse: 0.0110
Epoch 50/100
508/508 - 0s - loss: 0.0052 - mse: 0.0052 - val_loss: 0.0112 - val_mse: 0.0112
Epoch 51/100
508/508 - 0s - loss: 0.0050 - mse: 0.0050 - val_loss: 0.0109 - val_mse: 0.0109
Epoch 52/100
508/508 - 0s - loss: 0.0048 - mse: 0.0048 - val_loss: 0.0112 - val_mse: 0.0112
Epoch 53/100
508/508 - 0s - loss: 0.0047 - mse: 0.0047 - val_loss: 0.0106 - val_mse: 0.0106
Epoch 54/100
508/508 - 0s - loss: 0.0045 - mse: 0.0045 - val_loss: 0.0108 - val_mse: 0.0108
Epoch 55/100
508/508 - 0s - loss: 0.0043 - mse: 0.0043 - val_loss: 0.0108 - val_mse: 0.0108
Epoch 56/100
508/508 - 0s - loss: 0.0043 - mse: 0.0043 - val_loss: 0.0109 - val_mse: 0.0109
Epoch 57/100
508/508 - 0s - loss: 0.0044 - mse: 0.0044 - val_loss: 0.0111 - val_mse: 0.0111
Epoch 58/100
508/508 - 0s - loss: 0.0042 - mse: 0.0042 - val_loss: 0.0109 - val_mse: 0.0109
saving model CNNxySTOCHASTIC7
model 8/120
time elapsed:
00:05:09.49
estimated time left:
01:12:12.83 


STOCHASTIC run: 8
Train on 428 samples, validate on 107 samples
Epoch 1/100
428/428 - 2s - loss: 0.9557 - mse: 0.9557 - val_loss: 0.6384 - val_mse: 0.6384
Epoch 2/100
428/428 - 0s - loss: 0.3898 - mse: 0.3898 - val_loss: 0.2388 - val_mse: 0.2388
Epoch 3/100
428/428 - 0s - loss: 0.1991 - mse: 0.1991 - val_loss: 0.1920 - val_mse: 0.1920
Epoch 4/100
428/428 - 0s - loss: 0.1928 - mse: 0.1928 - val_loss: 0.1927 - val_mse: 0.1927
Epoch 5/100
428/428 - 0s - loss: 0.1959 - mse: 0.1959 - val_loss: 0.1926 - val_mse: 0.1926
Epoch 6/100
428/428 - 0s - loss: 0.1908 - mse: 0.1908 - val_loss: 0.1848 - val_mse: 0.1848
Epoch 7/100
428/428 - 0s - loss: 0.1831 - mse: 0.1831 - val_loss: 0.1826 - val_mse: 0.1826
Epoch 8/100
428/428 - 0s - loss: 0.1761 - mse: 0.1761 - val_loss: 0.1768 - val_mse: 0.1768
Epoch 9/100
428/428 - 0s - loss: 0.1699 - mse: 0.1699 - val_loss: 0.1743 - val_mse: 0.1743
Epoch 10/100
428/428 - 0s - loss: 0.1643 - mse: 0.1643 - val_loss: 0.1701 - val_mse: 0.1701
Epoch 11/100
428/428 - 0s - loss: 0.1602 - mse: 0.1602 - val_loss: 0.1660 - val_mse: 0.1660
Epoch 12/100
428/428 - 0s - loss: 0.1548 - mse: 0.1548 - val_loss: 0.1579 - val_mse: 0.1579
Epoch 13/100
428/428 - 0s - loss: 0.1503 - mse: 0.1503 - val_loss: 0.1556 - val_mse: 0.1556
Epoch 14/100
428/428 - 0s - loss: 0.1453 - mse: 0.1453 - val_loss: 0.1485 - val_mse: 0.1485
Epoch 15/100
428/428 - 0s - loss: 0.1410 - mse: 0.1410 - val_loss: 0.1472 - val_mse: 0.1472
Epoch 16/100
428/428 - 0s - loss: 0.1361 - mse: 0.1361 - val_loss: 0.1404 - val_mse: 0.1404
Epoch 17/100
428/428 - 0s - loss: 0.1310 - mse: 0.1310 - val_loss: 0.1381 - val_mse: 0.1381
Epoch 18/100
428/428 - 0s - loss: 0.1262 - mse: 0.1262 - val_loss: 0.1325 - val_mse: 0.1325
Epoch 19/100
428/428 - 0s - loss: 0.1210 - mse: 0.1210 - val_loss: 0.1281 - val_mse: 0.1281
Epoch 20/100
428/428 - 0s - loss: 0.1166 - mse: 0.1166 - val_loss: 0.1222 - val_mse: 0.1222
Epoch 21/100
428/428 - 0s - loss: 0.1113 - mse: 0.1113 - val_loss: 0.1208 - val_mse: 0.1208
Epoch 22/100
428/428 - 0s - loss: 0.1065 - mse: 0.1065 - val_loss: 0.1156 - val_mse: 0.1156
Epoch 23/100
428/428 - 0s - loss: 0.1024 - mse: 0.1024 - val_loss: 0.1111 - val_mse: 0.1111
Epoch 24/100
428/428 - 0s - loss: 0.0980 - mse: 0.0980 - val_loss: 0.1077 - val_mse: 0.1077
Epoch 25/100
428/428 - 0s - loss: 0.0929 - mse: 0.0929 - val_loss: 0.1041 - val_mse: 0.1041
Epoch 26/100
428/428 - 0s - loss: 0.0887 - mse: 0.0887 - val_loss: 0.1011 - val_mse: 0.1011
Epoch 27/100
428/428 - 0s - loss: 0.0843 - mse: 0.0843 - val_loss: 0.0965 - val_mse: 0.0965
Epoch 28/100
428/428 - 0s - loss: 0.0796 - mse: 0.0796 - val_loss: 0.0940 - val_mse: 0.0940
Epoch 29/100
428/428 - 0s - loss: 0.0747 - mse: 0.0747 - val_loss: 0.0887 - val_mse: 0.0887
Epoch 30/100
428/428 - 0s - loss: 0.0713 - mse: 0.0713 - val_loss: 0.0868 - val_mse: 0.0868
Epoch 31/100
428/428 - 0s - loss: 0.0674 - mse: 0.0674 - val_loss: 0.0828 - val_mse: 0.0828
Epoch 32/100
428/428 - 0s - loss: 0.0635 - mse: 0.0635 - val_loss: 0.0821 - val_mse: 0.0821
Epoch 33/100
428/428 - 0s - loss: 0.0615 - mse: 0.0615 - val_loss: 0.0766 - val_mse: 0.0766
Epoch 34/100
428/428 - 0s - loss: 0.0578 - mse: 0.0578 - val_loss: 0.0790 - val_mse: 0.0790
Epoch 35/100
428/428 - 0s - loss: 0.0556 - mse: 0.0556 - val_loss: 0.0727 - val_mse: 0.0727
Epoch 36/100
428/428 - 0s - loss: 0.0538 - mse: 0.0538 - val_loss: 0.0713 - val_mse: 0.0713
Epoch 37/100
428/428 - 0s - loss: 0.0495 - mse: 0.0495 - val_loss: 0.0689 - val_mse: 0.0689
Epoch 38/100
428/428 - 0s - loss: 0.0471 - mse: 0.0471 - val_loss: 0.0674 - val_mse: 0.0674
Epoch 39/100
428/428 - 0s - loss: 0.0440 - mse: 0.0440 - val_loss: 0.0607 - val_mse: 0.0607
Epoch 40/100
428/428 - 0s - loss: 0.0415 - mse: 0.0415 - val_loss: 0.0625 - val_mse: 0.0625
Epoch 41/100
428/428 - 0s - loss: 0.0388 - mse: 0.0388 - val_loss: 0.0614 - val_mse: 0.0614
Epoch 42/100
428/428 - 0s - loss: 0.0368 - mse: 0.0368 - val_loss: 0.0585 - val_mse: 0.0585
Epoch 43/100
428/428 - 0s - loss: 0.0352 - mse: 0.0352 - val_loss: 0.0595 - val_mse: 0.0595
Epoch 44/100
428/428 - 0s - loss: 0.0336 - mse: 0.0336 - val_loss: 0.0573 - val_mse: 0.0573
Epoch 45/100
428/428 - 0s - loss: 0.0330 - mse: 0.0330 - val_loss: 0.0536 - val_mse: 0.0536
Epoch 46/100
428/428 - 0s - loss: 0.0321 - mse: 0.0321 - val_loss: 0.0617 - val_mse: 0.0617
Epoch 47/100
428/428 - 0s - loss: 0.0317 - mse: 0.0317 - val_loss: 0.0517 - val_mse: 0.0517
Epoch 48/100
428/428 - 0s - loss: 0.0302 - mse: 0.0302 - val_loss: 0.0609 - val_mse: 0.0609
Epoch 49/100
428/428 - 0s - loss: 0.0283 - mse: 0.0283 - val_loss: 0.0495 - val_mse: 0.0495
Epoch 50/100
428/428 - 0s - loss: 0.0269 - mse: 0.0269 - val_loss: 0.0598 - val_mse: 0.0598
Epoch 51/100
428/428 - 0s - loss: 0.0277 - mse: 0.0277 - val_loss: 0.0469 - val_mse: 0.0469
Epoch 52/100
428/428 - 0s - loss: 0.0258 - mse: 0.0258 - val_loss: 0.0534 - val_mse: 0.0534
Epoch 53/100
428/428 - 0s - loss: 0.0252 - mse: 0.0252 - val_loss: 0.0516 - val_mse: 0.0516
Epoch 54/100
428/428 - 0s - loss: 0.0244 - mse: 0.0244 - val_loss: 0.0541 - val_mse: 0.0541
Epoch 55/100
428/428 - 0s - loss: 0.0233 - mse: 0.0233 - val_loss: 0.0481 - val_mse: 0.0481
Epoch 56/100
428/428 - 0s - loss: 0.0224 - mse: 0.0224 - val_loss: 0.0460 - val_mse: 0.0460
Epoch 57/100
428/428 - 0s - loss: 0.0211 - mse: 0.0211 - val_loss: 0.0505 - val_mse: 0.0505
Epoch 58/100
428/428 - 0s - loss: 0.0204 - mse: 0.0204 - val_loss: 0.0484 - val_mse: 0.0484
Epoch 59/100
428/428 - 0s - loss: 0.0202 - mse: 0.0202 - val_loss: 0.0455 - val_mse: 0.0455
Epoch 60/100
428/428 - 0s - loss: 0.0198 - mse: 0.0198 - val_loss: 0.0523 - val_mse: 0.0523
Epoch 61/100
428/428 - 0s - loss: 0.0190 - mse: 0.0190 - val_loss: 0.0462 - val_mse: 0.0462
Epoch 62/100
428/428 - 0s - loss: 0.0184 - mse: 0.0184 - val_loss: 0.0489 - val_mse: 0.0489
Epoch 63/100
428/428 - 0s - loss: 0.0181 - mse: 0.0181 - val_loss: 0.0451 - val_mse: 0.0451
Epoch 64/100
428/428 - 0s - loss: 0.0176 - mse: 0.0176 - val_loss: 0.0482 - val_mse: 0.0482
Epoch 65/100
428/428 - 0s - loss: 0.0173 - mse: 0.0173 - val_loss: 0.0455 - val_mse: 0.0455
Epoch 66/100
428/428 - 0s - loss: 0.0171 - mse: 0.0171 - val_loss: 0.0482 - val_mse: 0.0482
Epoch 67/100
428/428 - 0s - loss: 0.0167 - mse: 0.0167 - val_loss: 0.0462 - val_mse: 0.0462
Epoch 68/100
428/428 - 0s - loss: 0.0165 - mse: 0.0165 - val_loss: 0.0482 - val_mse: 0.0482
Epoch 69/100
428/428 - 0s - loss: 0.0164 - mse: 0.0164 - val_loss: 0.0467 - val_mse: 0.0467
Epoch 70/100
428/428 - 0s - loss: 0.0163 - mse: 0.0163 - val_loss: 0.0469 - val_mse: 0.0469
Epoch 71/100
428/428 - 0s - loss: 0.0161 - mse: 0.0161 - val_loss: 0.0479 - val_mse: 0.0479
Epoch 72/100
428/428 - 0s - loss: 0.0157 - mse: 0.0157 - val_loss: 0.0480 - val_mse: 0.0480
Epoch 73/100
428/428 - 0s - loss: 0.0154 - mse: 0.0154 - val_loss: 0.0451 - val_mse: 0.0451
Epoch 74/100
428/428 - 0s - loss: 0.0153 - mse: 0.0153 - val_loss: 0.0474 - val_mse: 0.0474
Epoch 75/100
428/428 - 0s - loss: 0.0151 - mse: 0.0151 - val_loss: 0.0473 - val_mse: 0.0473
Epoch 76/100
428/428 - 0s - loss: 0.0150 - mse: 0.0150 - val_loss: 0.0466 - val_mse: 0.0466
Epoch 77/100
428/428 - 0s - loss: 0.0151 - mse: 0.0151 - val_loss: 0.0460 - val_mse: 0.0460
Epoch 78/100
428/428 - 0s - loss: 0.0149 - mse: 0.0149 - val_loss: 0.0476 - val_mse: 0.0476
Epoch 79/100
428/428 - 0s - loss: 0.0149 - mse: 0.0149 - val_loss: 0.0468 - val_mse: 0.0468
Epoch 80/100
428/428 - 0s - loss: 0.0147 - mse: 0.0147 - val_loss: 0.0462 - val_mse: 0.0462
Epoch 81/100
428/428 - 0s - loss: 0.0144 - mse: 0.0144 - val_loss: 0.0482 - val_mse: 0.0482
Epoch 82/100
428/428 - 0s - loss: 0.0142 - mse: 0.0142 - val_loss: 0.0474 - val_mse: 0.0474
Epoch 83/100
428/428 - 0s - loss: 0.0141 - mse: 0.0141 - val_loss: 0.0495 - val_mse: 0.0495
saving model CNNxySTOCHASTIC8
model 9/120
time elapsed:
00:05:33.20
estimated time left:
01:08:29.41 


STOCHASTIC run: 9
Train on 348 samples, validate on 87 samples
Epoch 1/100
348/348 - 1s - loss: 1.2715 - mse: 1.2715 - val_loss: 0.5687 - val_mse: 0.5687
Epoch 2/100
348/348 - 0s - loss: 0.4370 - mse: 0.4370 - val_loss: 0.2546 - val_mse: 0.2546
Epoch 3/100
348/348 - 0s - loss: 0.2468 - mse: 0.2468 - val_loss: 0.2125 - val_mse: 0.2125
Epoch 4/100
348/348 - 0s - loss: 0.2041 - mse: 0.2041 - val_loss: 0.1964 - val_mse: 0.1964
Epoch 5/100
348/348 - 0s - loss: 0.1899 - mse: 0.1899 - val_loss: 0.1967 - val_mse: 0.1967
Epoch 6/100
348/348 - 0s - loss: 0.1872 - mse: 0.1872 - val_loss: 0.1987 - val_mse: 0.1987
Epoch 7/100
348/348 - 0s - loss: 0.1883 - mse: 0.1883 - val_loss: 0.1991 - val_mse: 0.1991
Epoch 8/100
348/348 - 0s - loss: 0.1884 - mse: 0.1884 - val_loss: 0.1987 - val_mse: 0.1987
Epoch 9/100
348/348 - 0s - loss: 0.1868 - mse: 0.1868 - val_loss: 0.1993 - val_mse: 0.1993
Epoch 10/100
348/348 - 0s - loss: 0.1857 - mse: 0.1857 - val_loss: 0.1942 - val_mse: 0.1942
Epoch 11/100
348/348 - 0s - loss: 0.1824 - mse: 0.1824 - val_loss: 0.1908 - val_mse: 0.1908
Epoch 12/100
348/348 - 0s - loss: 0.1805 - mse: 0.1805 - val_loss: 0.1859 - val_mse: 0.1859
Epoch 13/100
348/348 - 0s - loss: 0.1769 - mse: 0.1769 - val_loss: 0.1847 - val_mse: 0.1847
Epoch 14/100
348/348 - 0s - loss: 0.1734 - mse: 0.1734 - val_loss: 0.1781 - val_mse: 0.1781
Epoch 15/100
348/348 - 0s - loss: 0.1688 - mse: 0.1688 - val_loss: 0.1762 - val_mse: 0.1762
Epoch 16/100
348/348 - 0s - loss: 0.1649 - mse: 0.1649 - val_loss: 0.1710 - val_mse: 0.1710
Epoch 17/100
348/348 - 0s - loss: 0.1609 - mse: 0.1609 - val_loss: 0.1696 - val_mse: 0.1696
Epoch 18/100
348/348 - 0s - loss: 0.1585 - mse: 0.1585 - val_loss: 0.1657 - val_mse: 0.1657
Epoch 19/100
348/348 - 0s - loss: 0.1555 - mse: 0.1555 - val_loss: 0.1647 - val_mse: 0.1647
Epoch 20/100
348/348 - 0s - loss: 0.1522 - mse: 0.1522 - val_loss: 0.1613 - val_mse: 0.1613
Epoch 21/100
348/348 - 0s - loss: 0.1489 - mse: 0.1489 - val_loss: 0.1579 - val_mse: 0.1579
Epoch 22/100
348/348 - 0s - loss: 0.1463 - mse: 0.1463 - val_loss: 0.1541 - val_mse: 0.1541
Epoch 23/100
348/348 - 0s - loss: 0.1432 - mse: 0.1432 - val_loss: 0.1504 - val_mse: 0.1504
Epoch 24/100
348/348 - 0s - loss: 0.1403 - mse: 0.1403 - val_loss: 0.1475 - val_mse: 0.1475
Epoch 25/100
348/348 - 0s - loss: 0.1374 - mse: 0.1374 - val_loss: 0.1448 - val_mse: 0.1448
Epoch 26/100
348/348 - 0s - loss: 0.1345 - mse: 0.1345 - val_loss: 0.1414 - val_mse: 0.1414
Epoch 27/100
348/348 - 0s - loss: 0.1319 - mse: 0.1319 - val_loss: 0.1403 - val_mse: 0.1403
Epoch 28/100
348/348 - 0s - loss: 0.1294 - mse: 0.1294 - val_loss: 0.1355 - val_mse: 0.1355
Epoch 29/100
348/348 - 0s - loss: 0.1268 - mse: 0.1268 - val_loss: 0.1325 - val_mse: 0.1325
Epoch 30/100
348/348 - 0s - loss: 0.1237 - mse: 0.1237 - val_loss: 0.1294 - val_mse: 0.1294
Epoch 31/100
348/348 - 0s - loss: 0.1213 - mse: 0.1213 - val_loss: 0.1282 - val_mse: 0.1282
Epoch 32/100
348/348 - 0s - loss: 0.1196 - mse: 0.1196 - val_loss: 0.1285 - val_mse: 0.1285
Epoch 33/100
348/348 - 0s - loss: 0.1167 - mse: 0.1167 - val_loss: 0.1244 - val_mse: 0.1244
Epoch 34/100
348/348 - 0s - loss: 0.1133 - mse: 0.1133 - val_loss: 0.1226 - val_mse: 0.1226
Epoch 35/100
348/348 - 0s - loss: 0.1102 - mse: 0.1102 - val_loss: 0.1180 - val_mse: 0.1180
Epoch 36/100
348/348 - 0s - loss: 0.1078 - mse: 0.1078 - val_loss: 0.1173 - val_mse: 0.1173
Epoch 37/100
348/348 - 0s - loss: 0.1055 - mse: 0.1055 - val_loss: 0.1139 - val_mse: 0.1139
Epoch 38/100
348/348 - 0s - loss: 0.1026 - mse: 0.1026 - val_loss: 0.1124 - val_mse: 0.1124
Epoch 39/100
348/348 - 0s - loss: 0.1007 - mse: 0.1007 - val_loss: 0.1125 - val_mse: 0.1125
Epoch 40/100
348/348 - 0s - loss: 0.0981 - mse: 0.0981 - val_loss: 0.1087 - val_mse: 0.1087
Epoch 41/100
348/348 - 0s - loss: 0.0964 - mse: 0.0964 - val_loss: 0.1049 - val_mse: 0.1049
Epoch 42/100
348/348 - 0s - loss: 0.0944 - mse: 0.0944 - val_loss: 0.1053 - val_mse: 0.1053
Epoch 43/100
348/348 - 0s - loss: 0.0929 - mse: 0.0929 - val_loss: 0.1024 - val_mse: 0.1024
Epoch 44/100
348/348 - 0s - loss: 0.0913 - mse: 0.0913 - val_loss: 0.1012 - val_mse: 0.1012
Epoch 45/100
348/348 - 0s - loss: 0.0882 - mse: 0.0882 - val_loss: 0.0983 - val_mse: 0.0983
Epoch 46/100
348/348 - 0s - loss: 0.0860 - mse: 0.0860 - val_loss: 0.0965 - val_mse: 0.0965
Epoch 47/100
348/348 - 0s - loss: 0.0840 - mse: 0.0840 - val_loss: 0.0945 - val_mse: 0.0945
Epoch 48/100
348/348 - 0s - loss: 0.0829 - mse: 0.0829 - val_loss: 0.0915 - val_mse: 0.0915
Epoch 49/100
348/348 - 0s - loss: 0.0813 - mse: 0.0813 - val_loss: 0.0910 - val_mse: 0.0910
Epoch 50/100
348/348 - 0s - loss: 0.0800 - mse: 0.0800 - val_loss: 0.0877 - val_mse: 0.0877
Epoch 51/100
348/348 - 0s - loss: 0.0780 - mse: 0.0780 - val_loss: 0.0874 - val_mse: 0.0874
Epoch 52/100
348/348 - 0s - loss: 0.0768 - mse: 0.0768 - val_loss: 0.0853 - val_mse: 0.0853
Epoch 53/100
348/348 - 0s - loss: 0.0752 - mse: 0.0752 - val_loss: 0.0841 - val_mse: 0.0841
Epoch 54/100
348/348 - 0s - loss: 0.0733 - mse: 0.0733 - val_loss: 0.0826 - val_mse: 0.0826
Epoch 55/100
348/348 - 0s - loss: 0.0720 - mse: 0.0720 - val_loss: 0.0824 - val_mse: 0.0824
Epoch 56/100
348/348 - 0s - loss: 0.0708 - mse: 0.0708 - val_loss: 0.0809 - val_mse: 0.0809
Epoch 57/100
348/348 - 0s - loss: 0.0698 - mse: 0.0698 - val_loss: 0.0798 - val_mse: 0.0798
Epoch 58/100
348/348 - 0s - loss: 0.0685 - mse: 0.0685 - val_loss: 0.0810 - val_mse: 0.0810
Epoch 59/100
348/348 - 0s - loss: 0.0672 - mse: 0.0672 - val_loss: 0.0806 - val_mse: 0.0806
Epoch 60/100
348/348 - 0s - loss: 0.0661 - mse: 0.0661 - val_loss: 0.0759 - val_mse: 0.0759
Epoch 61/100
348/348 - 0s - loss: 0.0649 - mse: 0.0649 - val_loss: 0.0758 - val_mse: 0.0758
Epoch 62/100
348/348 - 0s - loss: 0.0637 - mse: 0.0637 - val_loss: 0.0780 - val_mse: 0.0780
Epoch 63/100
348/348 - 0s - loss: 0.0623 - mse: 0.0623 - val_loss: 0.0740 - val_mse: 0.0740
Epoch 64/100
348/348 - 0s - loss: 0.0615 - mse: 0.0615 - val_loss: 0.0739 - val_mse: 0.0739
Epoch 65/100
348/348 - 0s - loss: 0.0604 - mse: 0.0604 - val_loss: 0.0727 - val_mse: 0.0727
Epoch 66/100
348/348 - 0s - loss: 0.0597 - mse: 0.0597 - val_loss: 0.0723 - val_mse: 0.0723
Epoch 67/100
348/348 - 0s - loss: 0.0586 - mse: 0.0586 - val_loss: 0.0708 - val_mse: 0.0708
Epoch 68/100
348/348 - 0s - loss: 0.0581 - mse: 0.0581 - val_loss: 0.0732 - val_mse: 0.0732
Epoch 69/100
348/348 - 0s - loss: 0.0573 - mse: 0.0573 - val_loss: 0.0703 - val_mse: 0.0703
Epoch 70/100
348/348 - 0s - loss: 0.0564 - mse: 0.0564 - val_loss: 0.0691 - val_mse: 0.0691
Epoch 71/100
348/348 - 0s - loss: 0.0558 - mse: 0.0558 - val_loss: 0.0675 - val_mse: 0.0675
Epoch 72/100
348/348 - 0s - loss: 0.0553 - mse: 0.0553 - val_loss: 0.0718 - val_mse: 0.0718
Epoch 73/100
348/348 - 0s - loss: 0.0541 - mse: 0.0541 - val_loss: 0.0703 - val_mse: 0.0703
Epoch 74/100
348/348 - 0s - loss: 0.0539 - mse: 0.0539 - val_loss: 0.0665 - val_mse: 0.0665
Epoch 75/100
348/348 - 0s - loss: 0.0535 - mse: 0.0535 - val_loss: 0.0698 - val_mse: 0.0698
Epoch 76/100
348/348 - 0s - loss: 0.0523 - mse: 0.0523 - val_loss: 0.0674 - val_mse: 0.0674
Epoch 77/100
348/348 - 0s - loss: 0.0516 - mse: 0.0516 - val_loss: 0.0663 - val_mse: 0.0663
Epoch 78/100
348/348 - 0s - loss: 0.0510 - mse: 0.0510 - val_loss: 0.0677 - val_mse: 0.0677
Epoch 79/100
348/348 - 0s - loss: 0.0505 - mse: 0.0505 - val_loss: 0.0641 - val_mse: 0.0641
Epoch 80/100
348/348 - 0s - loss: 0.0503 - mse: 0.0503 - val_loss: 0.0646 - val_mse: 0.0646
Epoch 81/100
348/348 - 0s - loss: 0.0492 - mse: 0.0492 - val_loss: 0.0687 - val_mse: 0.0687
Epoch 82/100
348/348 - 0s - loss: 0.0493 - mse: 0.0493 - val_loss: 0.0664 - val_mse: 0.0664
Epoch 83/100
348/348 - 0s - loss: 0.0482 - mse: 0.0482 - val_loss: 0.0700 - val_mse: 0.0700
Epoch 84/100
348/348 - 0s - loss: 0.0480 - mse: 0.0480 - val_loss: 0.0620 - val_mse: 0.0620
Epoch 85/100
348/348 - 0s - loss: 0.0472 - mse: 0.0472 - val_loss: 0.0633 - val_mse: 0.0633
Epoch 86/100
348/348 - 0s - loss: 0.0467 - mse: 0.0467 - val_loss: 0.0654 - val_mse: 0.0654
Epoch 87/100
348/348 - 0s - loss: 0.0465 - mse: 0.0465 - val_loss: 0.0653 - val_mse: 0.0653
Epoch 88/100
348/348 - 0s - loss: 0.0458 - mse: 0.0458 - val_loss: 0.0639 - val_mse: 0.0639
Epoch 89/100
348/348 - 0s - loss: 0.0455 - mse: 0.0455 - val_loss: 0.0630 - val_mse: 0.0630
Epoch 90/100
348/348 - 0s - loss: 0.0455 - mse: 0.0455 - val_loss: 0.0610 - val_mse: 0.0610
Epoch 91/100
348/348 - 0s - loss: 0.0450 - mse: 0.0450 - val_loss: 0.0682 - val_mse: 0.0682
Epoch 92/100
348/348 - 0s - loss: 0.0447 - mse: 0.0447 - val_loss: 0.0622 - val_mse: 0.0622
Epoch 93/100
348/348 - 0s - loss: 0.0441 - mse: 0.0441 - val_loss: 0.0650 - val_mse: 0.0650
Epoch 94/100
348/348 - 0s - loss: 0.0437 - mse: 0.0437 - val_loss: 0.0735 - val_mse: 0.0735
Epoch 95/100
348/348 - 0s - loss: 0.0441 - mse: 0.0441 - val_loss: 0.0802 - val_mse: 0.0802
Epoch 96/100
348/348 - 0s - loss: 0.0473 - mse: 0.0473 - val_loss: 0.0599 - val_mse: 0.0599
Epoch 97/100
348/348 - 0s - loss: 0.0473 - mse: 0.0473 - val_loss: 0.0632 - val_mse: 0.0632
Epoch 98/100
348/348 - 0s - loss: 0.0482 - mse: 0.0482 - val_loss: 0.0614 - val_mse: 0.0614
Epoch 99/100
348/348 - 0s - loss: 0.0448 - mse: 0.0448 - val_loss: 0.0592 - val_mse: 0.0592
Epoch 100/100
348/348 - 0s - loss: 0.0425 - mse: 0.0425 - val_loss: 0.0615 - val_mse: 0.0615
saving model CNNxySTOCHASTIC9
model 10/120
time elapsed:
00:05:56.31
estimated time left:
01:05:19.46 


STOCHASTIC run: 10
Train on 268 samples, validate on 67 samples
Epoch 1/100
268/268 - 1s - loss: 0.4314 - mse: 0.4314 - val_loss: 0.2399 - val_mse: 0.2399
Epoch 2/100
268/268 - 0s - loss: 0.1956 - mse: 0.1956 - val_loss: 0.1993 - val_mse: 0.1993
Epoch 3/100
268/268 - 0s - loss: 0.1997 - mse: 0.1997 - val_loss: 0.1866 - val_mse: 0.1866
Epoch 4/100
268/268 - 0s - loss: 0.1725 - mse: 0.1725 - val_loss: 0.1576 - val_mse: 0.1576
Epoch 5/100
268/268 - 0s - loss: 0.1471 - mse: 0.1471 - val_loss: 0.1452 - val_mse: 0.1452
Epoch 6/100
268/268 - 0s - loss: 0.1299 - mse: 0.1299 - val_loss: 0.1226 - val_mse: 0.1226
Epoch 7/100
268/268 - 0s - loss: 0.1085 - mse: 0.1085 - val_loss: 0.1135 - val_mse: 0.1135
Epoch 8/100
268/268 - 0s - loss: 0.1049 - mse: 0.1049 - val_loss: 0.1142 - val_mse: 0.1142
Epoch 9/100
268/268 - 0s - loss: 0.1017 - mse: 0.1017 - val_loss: 0.1116 - val_mse: 0.1116
Epoch 10/100
268/268 - 0s - loss: 0.0988 - mse: 0.0988 - val_loss: 0.1100 - val_mse: 0.1100
Epoch 11/100
268/268 - 0s - loss: 0.0993 - mse: 0.0993 - val_loss: 0.1073 - val_mse: 0.1073
Epoch 12/100
268/268 - 0s - loss: 0.0941 - mse: 0.0941 - val_loss: 0.1109 - val_mse: 0.1109
Epoch 13/100
268/268 - 0s - loss: 0.0899 - mse: 0.0899 - val_loss: 0.1018 - val_mse: 0.1018
Epoch 14/100
268/268 - 0s - loss: 0.0859 - mse: 0.0859 - val_loss: 0.1048 - val_mse: 0.1048
Epoch 15/100
268/268 - 0s - loss: 0.0820 - mse: 0.0820 - val_loss: 0.0939 - val_mse: 0.0939
Epoch 16/100
268/268 - 0s - loss: 0.0766 - mse: 0.0766 - val_loss: 0.0878 - val_mse: 0.0878
Epoch 17/100
268/268 - 0s - loss: 0.0736 - mse: 0.0736 - val_loss: 0.0931 - val_mse: 0.0931
Epoch 18/100
268/268 - 0s - loss: 0.0672 - mse: 0.0672 - val_loss: 0.0808 - val_mse: 0.0808
Epoch 19/100
268/268 - 0s - loss: 0.0635 - mse: 0.0635 - val_loss: 0.0780 - val_mse: 0.0780
Epoch 20/100
268/268 - 0s - loss: 0.0555 - mse: 0.0555 - val_loss: 0.0683 - val_mse: 0.0683
Epoch 21/100
268/268 - 0s - loss: 0.0531 - mse: 0.0531 - val_loss: 0.0624 - val_mse: 0.0624
Epoch 22/100
268/268 - 0s - loss: 0.0492 - mse: 0.0492 - val_loss: 0.0619 - val_mse: 0.0619
Epoch 23/100
268/268 - 0s - loss: 0.0458 - mse: 0.0458 - val_loss: 0.0557 - val_mse: 0.0557
Epoch 24/100
268/268 - 0s - loss: 0.0444 - mse: 0.0444 - val_loss: 0.0561 - val_mse: 0.0561
Epoch 25/100
268/268 - 0s - loss: 0.0438 - mse: 0.0438 - val_loss: 0.0577 - val_mse: 0.0577
Epoch 26/100
268/268 - 0s - loss: 0.0430 - mse: 0.0430 - val_loss: 0.0564 - val_mse: 0.0564
Epoch 27/100
268/268 - 0s - loss: 0.0435 - mse: 0.0435 - val_loss: 0.0559 - val_mse: 0.0559
Epoch 28/100
268/268 - 0s - loss: 0.0431 - mse: 0.0431 - val_loss: 0.0523 - val_mse: 0.0523
Epoch 29/100
268/268 - 0s - loss: 0.0381 - mse: 0.0381 - val_loss: 0.0553 - val_mse: 0.0553
Epoch 30/100
268/268 - 0s - loss: 0.0377 - mse: 0.0377 - val_loss: 0.0475 - val_mse: 0.0475
Epoch 31/100
268/268 - 0s - loss: 0.0373 - mse: 0.0373 - val_loss: 0.0497 - val_mse: 0.0497
Epoch 32/100
268/268 - 0s - loss: 0.0349 - mse: 0.0349 - val_loss: 0.0456 - val_mse: 0.0456
Epoch 33/100
268/268 - 0s - loss: 0.0343 - mse: 0.0343 - val_loss: 0.0472 - val_mse: 0.0472
Epoch 34/100
268/268 - 0s - loss: 0.0356 - mse: 0.0356 - val_loss: 0.0471 - val_mse: 0.0471
Epoch 35/100
268/268 - 0s - loss: 0.0340 - mse: 0.0340 - val_loss: 0.0461 - val_mse: 0.0461
Epoch 36/100
268/268 - 0s - loss: 0.0320 - mse: 0.0320 - val_loss: 0.0458 - val_mse: 0.0458
Epoch 37/100
268/268 - 0s - loss: 0.0293 - mse: 0.0293 - val_loss: 0.0432 - val_mse: 0.0432
Epoch 38/100
268/268 - 0s - loss: 0.0292 - mse: 0.0292 - val_loss: 0.0462 - val_mse: 0.0462
Epoch 39/100
268/268 - 0s - loss: 0.0285 - mse: 0.0285 - val_loss: 0.0418 - val_mse: 0.0418
Epoch 40/100
268/268 - 0s - loss: 0.0268 - mse: 0.0268 - val_loss: 0.0408 - val_mse: 0.0408
Epoch 41/100
268/268 - 0s - loss: 0.0250 - mse: 0.0250 - val_loss: 0.0402 - val_mse: 0.0402
Epoch 42/100
268/268 - 0s - loss: 0.0255 - mse: 0.0255 - val_loss: 0.0377 - val_mse: 0.0377
Epoch 43/100
268/268 - 0s - loss: 0.0243 - mse: 0.0243 - val_loss: 0.0443 - val_mse: 0.0443
Epoch 44/100
268/268 - 0s - loss: 0.0305 - mse: 0.0305 - val_loss: 0.0417 - val_mse: 0.0417
Epoch 45/100
268/268 - 0s - loss: 0.0238 - mse: 0.0238 - val_loss: 0.0394 - val_mse: 0.0394
Epoch 46/100
268/268 - 0s - loss: 0.0240 - mse: 0.0240 - val_loss: 0.0406 - val_mse: 0.0406
Epoch 47/100
268/268 - 0s - loss: 0.0207 - mse: 0.0207 - val_loss: 0.0348 - val_mse: 0.0348
Epoch 48/100
268/268 - 0s - loss: 0.0192 - mse: 0.0192 - val_loss: 0.0336 - val_mse: 0.0336
Epoch 49/100
268/268 - 0s - loss: 0.0193 - mse: 0.0193 - val_loss: 0.0316 - val_mse: 0.0316
Epoch 50/100
268/268 - 0s - loss: 0.0177 - mse: 0.0177 - val_loss: 0.0299 - val_mse: 0.0299
Epoch 51/100
268/268 - 0s - loss: 0.0173 - mse: 0.0173 - val_loss: 0.0298 - val_mse: 0.0298
Epoch 52/100
268/268 - 0s - loss: 0.0163 - mse: 0.0163 - val_loss: 0.0319 - val_mse: 0.0319
Epoch 53/100
268/268 - 0s - loss: 0.0163 - mse: 0.0163 - val_loss: 0.0327 - val_mse: 0.0327
Epoch 54/100
268/268 - 0s - loss: 0.0155 - mse: 0.0155 - val_loss: 0.0316 - val_mse: 0.0316
Epoch 55/100
268/268 - 0s - loss: 0.0160 - mse: 0.0160 - val_loss: 0.0305 - val_mse: 0.0305
Epoch 56/100
268/268 - 0s - loss: 0.0160 - mse: 0.0160 - val_loss: 0.0315 - val_mse: 0.0315
Epoch 57/100
268/268 - 0s - loss: 0.0163 - mse: 0.0163 - val_loss: 0.0292 - val_mse: 0.0292
Epoch 58/100
268/268 - 0s - loss: 0.0157 - mse: 0.0157 - val_loss: 0.0320 - val_mse: 0.0320
Epoch 59/100
268/268 - 0s - loss: 0.0145 - mse: 0.0145 - val_loss: 0.0317 - val_mse: 0.0317
Epoch 60/100
268/268 - 0s - loss: 0.0126 - mse: 0.0126 - val_loss: 0.0308 - val_mse: 0.0308
Epoch 61/100
268/268 - 0s - loss: 0.0131 - mse: 0.0131 - val_loss: 0.0265 - val_mse: 0.0265
Epoch 62/100
268/268 - 0s - loss: 0.0111 - mse: 0.0111 - val_loss: 0.0256 - val_mse: 0.0256
Epoch 63/100
268/268 - 0s - loss: 0.0100 - mse: 0.0100 - val_loss: 0.0259 - val_mse: 0.0259
Epoch 64/100
268/268 - 0s - loss: 0.0097 - mse: 0.0097 - val_loss: 0.0259 - val_mse: 0.0259
Epoch 65/100
268/268 - 0s - loss: 0.0099 - mse: 0.0099 - val_loss: 0.0266 - val_mse: 0.0266
Epoch 66/100
268/268 - 0s - loss: 0.0094 - mse: 0.0094 - val_loss: 0.0266 - val_mse: 0.0266
Epoch 67/100
268/268 - 0s - loss: 0.0093 - mse: 0.0093 - val_loss: 0.0254 - val_mse: 0.0254
Epoch 68/100
268/268 - 0s - loss: 0.0096 - mse: 0.0096 - val_loss: 0.0259 - val_mse: 0.0259
Epoch 69/100
268/268 - 0s - loss: 0.0100 - mse: 0.0100 - val_loss: 0.0240 - val_mse: 0.0240
Epoch 70/100
268/268 - 0s - loss: 0.0090 - mse: 0.0090 - val_loss: 0.0251 - val_mse: 0.0251
Epoch 71/100
268/268 - 0s - loss: 0.0079 - mse: 0.0079 - val_loss: 0.0244 - val_mse: 0.0244
Epoch 72/100
268/268 - 0s - loss: 0.0075 - mse: 0.0075 - val_loss: 0.0255 - val_mse: 0.0255
Epoch 73/100
268/268 - 0s - loss: 0.0072 - mse: 0.0072 - val_loss: 0.0244 - val_mse: 0.0244
Epoch 74/100
268/268 - 0s - loss: 0.0067 - mse: 0.0067 - val_loss: 0.0235 - val_mse: 0.0235
Epoch 75/100
268/268 - 0s - loss: 0.0070 - mse: 0.0070 - val_loss: 0.0238 - val_mse: 0.0238
Epoch 76/100
268/268 - 0s - loss: 0.0066 - mse: 0.0066 - val_loss: 0.0238 - val_mse: 0.0238
Epoch 77/100
268/268 - 0s - loss: 0.0065 - mse: 0.0065 - val_loss: 0.0246 - val_mse: 0.0246
Epoch 78/100
268/268 - 0s - loss: 0.0062 - mse: 0.0062 - val_loss: 0.0243 - val_mse: 0.0243
Epoch 79/100
268/268 - 0s - loss: 0.0057 - mse: 0.0057 - val_loss: 0.0236 - val_mse: 0.0236
Epoch 80/100
268/268 - 0s - loss: 0.0055 - mse: 0.0055 - val_loss: 0.0246 - val_mse: 0.0246
Epoch 81/100
268/268 - 0s - loss: 0.0055 - mse: 0.0055 - val_loss: 0.0230 - val_mse: 0.0230
Epoch 82/100
268/268 - 0s - loss: 0.0053 - mse: 0.0053 - val_loss: 0.0244 - val_mse: 0.0244
Epoch 83/100
268/268 - 0s - loss: 0.0052 - mse: 0.0052 - val_loss: 0.0232 - val_mse: 0.0232
Epoch 84/100
268/268 - 0s - loss: 0.0048 - mse: 0.0048 - val_loss: 0.0236 - val_mse: 0.0236
Epoch 85/100
268/268 - 0s - loss: 0.0047 - mse: 0.0047 - val_loss: 0.0232 - val_mse: 0.0232
Epoch 86/100
268/268 - 0s - loss: 0.0044 - mse: 0.0044 - val_loss: 0.0239 - val_mse: 0.0239
Epoch 87/100
268/268 - 0s - loss: 0.0044 - mse: 0.0044 - val_loss: 0.0245 - val_mse: 0.0245
Epoch 88/100
268/268 - 0s - loss: 0.0044 - mse: 0.0044 - val_loss: 0.0232 - val_mse: 0.0232
Epoch 89/100
268/268 - 0s - loss: 0.0042 - mse: 0.0042 - val_loss: 0.0227 - val_mse: 0.0227
Epoch 90/100
268/268 - 0s - loss: 0.0041 - mse: 0.0041 - val_loss: 0.0240 - val_mse: 0.0240
Epoch 91/100
268/268 - 0s - loss: 0.0041 - mse: 0.0041 - val_loss: 0.0235 - val_mse: 0.0235
Epoch 92/100
268/268 - 0s - loss: 0.0041 - mse: 0.0041 - val_loss: 0.0236 - val_mse: 0.0236
Epoch 93/100
268/268 - 0s - loss: 0.0041 - mse: 0.0041 - val_loss: 0.0226 - val_mse: 0.0226
Epoch 94/100
268/268 - 0s - loss: 0.0039 - mse: 0.0039 - val_loss: 0.0241 - val_mse: 0.0241
Epoch 95/100
268/268 - 0s - loss: 0.0043 - mse: 0.0043 - val_loss: 0.0232 - val_mse: 0.0232
Epoch 96/100
268/268 - 0s - loss: 0.0037 - mse: 0.0037 - val_loss: 0.0238 - val_mse: 0.0238
Epoch 97/100
268/268 - 0s - loss: 0.0034 - mse: 0.0034 - val_loss: 0.0220 - val_mse: 0.0220
Epoch 98/100
268/268 - 0s - loss: 0.0035 - mse: 0.0035 - val_loss: 0.0226 - val_mse: 0.0226
Epoch 99/100
268/268 - 0s - loss: 0.0032 - mse: 0.0032 - val_loss: 0.0233 - val_mse: 0.0233
Epoch 100/100
268/268 - 0s - loss: 0.0031 - mse: 0.0031 - val_loss: 0.0235 - val_mse: 0.0235
saving model CNNxySTOCHASTIC10
model 11/120
time elapsed:
00:06:14.84
estimated time left:
01:01:54.35 


STOCHASTIC run: 11
Train on 188 samples, validate on 47 samples
Epoch 1/100
188/188 - 1s - loss: 0.6218 - mse: 0.6218 - val_loss: 0.4925 - val_mse: 0.4925
Epoch 2/100
188/188 - 0s - loss: 0.4068 - mse: 0.4068 - val_loss: 0.2906 - val_mse: 0.2906
Epoch 3/100
188/188 - 0s - loss: 0.2429 - mse: 0.2429 - val_loss: 0.1913 - val_mse: 0.1913
Epoch 4/100
188/188 - 0s - loss: 0.1895 - mse: 0.1895 - val_loss: 0.1965 - val_mse: 0.1965
Epoch 5/100
188/188 - 0s - loss: 0.2063 - mse: 0.2063 - val_loss: 0.2110 - val_mse: 0.2110
Epoch 6/100
188/188 - 0s - loss: 0.2184 - mse: 0.2184 - val_loss: 0.2136 - val_mse: 0.2136
Epoch 7/100
188/188 - 0s - loss: 0.2173 - mse: 0.2173 - val_loss: 0.2073 - val_mse: 0.2073
Epoch 8/100
188/188 - 0s - loss: 0.2083 - mse: 0.2083 - val_loss: 0.1985 - val_mse: 0.1985
Epoch 9/100
188/188 - 0s - loss: 0.1978 - mse: 0.1978 - val_loss: 0.1910 - val_mse: 0.1910
Epoch 10/100
188/188 - 0s - loss: 0.1893 - mse: 0.1893 - val_loss: 0.1855 - val_mse: 0.1855
Epoch 11/100
188/188 - 0s - loss: 0.1832 - mse: 0.1832 - val_loss: 0.1823 - val_mse: 0.1823
Epoch 12/100
188/188 - 0s - loss: 0.1789 - mse: 0.1789 - val_loss: 0.1807 - val_mse: 0.1807
Epoch 13/100
188/188 - 0s - loss: 0.1775 - mse: 0.1775 - val_loss: 0.1793 - val_mse: 0.1793
Epoch 14/100
188/188 - 0s - loss: 0.1740 - mse: 0.1740 - val_loss: 0.1752 - val_mse: 0.1752
Epoch 15/100
188/188 - 0s - loss: 0.1680 - mse: 0.1680 - val_loss: 0.1677 - val_mse: 0.1677
Epoch 16/100
188/188 - 0s - loss: 0.1593 - mse: 0.1593 - val_loss: 0.1576 - val_mse: 0.1576
Epoch 17/100
188/188 - 0s - loss: 0.1470 - mse: 0.1470 - val_loss: 0.1446 - val_mse: 0.1446
Epoch 18/100
188/188 - 0s - loss: 0.1334 - mse: 0.1334 - val_loss: 0.1311 - val_mse: 0.1311
Epoch 19/100
188/188 - 0s - loss: 0.1195 - mse: 0.1195 - val_loss: 0.1219 - val_mse: 0.1219
Epoch 20/100
188/188 - 0s - loss: 0.1093 - mse: 0.1093 - val_loss: 0.1111 - val_mse: 0.1111
Epoch 21/100
188/188 - 0s - loss: 0.0983 - mse: 0.0983 - val_loss: 0.1072 - val_mse: 0.1072
Epoch 22/100
188/188 - 0s - loss: 0.0917 - mse: 0.0917 - val_loss: 0.0970 - val_mse: 0.0970
Epoch 23/100
188/188 - 0s - loss: 0.0833 - mse: 0.0833 - val_loss: 0.0882 - val_mse: 0.0882
Epoch 24/100
188/188 - 0s - loss: 0.0766 - mse: 0.0766 - val_loss: 0.0851 - val_mse: 0.0851
Epoch 25/100
188/188 - 0s - loss: 0.0702 - mse: 0.0702 - val_loss: 0.0830 - val_mse: 0.0830
Epoch 26/100
188/188 - 0s - loss: 0.0646 - mse: 0.0646 - val_loss: 0.0781 - val_mse: 0.0781
Epoch 27/100
188/188 - 0s - loss: 0.0588 - mse: 0.0588 - val_loss: 0.0747 - val_mse: 0.0747
Epoch 28/100
188/188 - 0s - loss: 0.0539 - mse: 0.0539 - val_loss: 0.0709 - val_mse: 0.0709
Epoch 29/100
188/188 - 0s - loss: 0.0511 - mse: 0.0511 - val_loss: 0.0661 - val_mse: 0.0661
Epoch 30/100
188/188 - 0s - loss: 0.0468 - mse: 0.0468 - val_loss: 0.0638 - val_mse: 0.0638
Epoch 31/100
188/188 - 0s - loss: 0.0451 - mse: 0.0451 - val_loss: 0.0611 - val_mse: 0.0611
Epoch 32/100
188/188 - 0s - loss: 0.0421 - mse: 0.0421 - val_loss: 0.0584 - val_mse: 0.0584
Epoch 33/100
188/188 - 0s - loss: 0.0381 - mse: 0.0381 - val_loss: 0.0549 - val_mse: 0.0549
Epoch 34/100
188/188 - 0s - loss: 0.0358 - mse: 0.0358 - val_loss: 0.0551 - val_mse: 0.0551
Epoch 35/100
188/188 - 0s - loss: 0.0331 - mse: 0.0331 - val_loss: 0.0520 - val_mse: 0.0520
Epoch 36/100
188/188 - 0s - loss: 0.0315 - mse: 0.0315 - val_loss: 0.0512 - val_mse: 0.0512
Epoch 37/100
188/188 - 0s - loss: 0.0297 - mse: 0.0297 - val_loss: 0.0510 - val_mse: 0.0510
Epoch 38/100
188/188 - 0s - loss: 0.0285 - mse: 0.0285 - val_loss: 0.0488 - val_mse: 0.0488
Epoch 39/100
188/188 - 0s - loss: 0.0253 - mse: 0.0253 - val_loss: 0.0479 - val_mse: 0.0479
Epoch 40/100
188/188 - 0s - loss: 0.0244 - mse: 0.0244 - val_loss: 0.0468 - val_mse: 0.0468
Epoch 41/100
188/188 - 0s - loss: 0.0225 - mse: 0.0225 - val_loss: 0.0469 - val_mse: 0.0469
Epoch 42/100
188/188 - 0s - loss: 0.0212 - mse: 0.0212 - val_loss: 0.0447 - val_mse: 0.0447
Epoch 43/100
188/188 - 0s - loss: 0.0203 - mse: 0.0203 - val_loss: 0.0438 - val_mse: 0.0438
Epoch 44/100
188/188 - 0s - loss: 0.0192 - mse: 0.0192 - val_loss: 0.0451 - val_mse: 0.0451
Epoch 45/100
188/188 - 0s - loss: 0.0179 - mse: 0.0179 - val_loss: 0.0432 - val_mse: 0.0432
Epoch 46/100
188/188 - 0s - loss: 0.0174 - mse: 0.0174 - val_loss: 0.0445 - val_mse: 0.0445
Epoch 47/100
188/188 - 0s - loss: 0.0167 - mse: 0.0167 - val_loss: 0.0432 - val_mse: 0.0432
Epoch 48/100
188/188 - 0s - loss: 0.0154 - mse: 0.0154 - val_loss: 0.0445 - val_mse: 0.0445
Epoch 49/100
188/188 - 0s - loss: 0.0148 - mse: 0.0148 - val_loss: 0.0435 - val_mse: 0.0435
Epoch 50/100
188/188 - 0s - loss: 0.0141 - mse: 0.0141 - val_loss: 0.0421 - val_mse: 0.0421
Epoch 51/100
188/188 - 0s - loss: 0.0133 - mse: 0.0133 - val_loss: 0.0439 - val_mse: 0.0439
Epoch 52/100
188/188 - 0s - loss: 0.0131 - mse: 0.0131 - val_loss: 0.0430 - val_mse: 0.0430
Epoch 53/100
188/188 - 0s - loss: 0.0126 - mse: 0.0126 - val_loss: 0.0418 - val_mse: 0.0418
Epoch 54/100
188/188 - 0s - loss: 0.0120 - mse: 0.0120 - val_loss: 0.0440 - val_mse: 0.0440
Epoch 55/100
188/188 - 0s - loss: 0.0116 - mse: 0.0116 - val_loss: 0.0421 - val_mse: 0.0421
Epoch 56/100
188/188 - 0s - loss: 0.0111 - mse: 0.0111 - val_loss: 0.0413 - val_mse: 0.0413
Epoch 57/100
188/188 - 0s - loss: 0.0107 - mse: 0.0107 - val_loss: 0.0428 - val_mse: 0.0428
Epoch 58/100
188/188 - 0s - loss: 0.0104 - mse: 0.0104 - val_loss: 0.0419 - val_mse: 0.0419
Epoch 59/100
188/188 - 0s - loss: 0.0101 - mse: 0.0101 - val_loss: 0.0421 - val_mse: 0.0421
Epoch 60/100
188/188 - 0s - loss: 0.0098 - mse: 0.0098 - val_loss: 0.0413 - val_mse: 0.0413
Epoch 61/100
188/188 - 0s - loss: 0.0096 - mse: 0.0096 - val_loss: 0.0412 - val_mse: 0.0412
Epoch 62/100
188/188 - 0s - loss: 0.0092 - mse: 0.0092 - val_loss: 0.0412 - val_mse: 0.0412
Epoch 63/100
188/188 - 0s - loss: 0.0091 - mse: 0.0091 - val_loss: 0.0412 - val_mse: 0.0412
Epoch 64/100
188/188 - 0s - loss: 0.0087 - mse: 0.0087 - val_loss: 0.0411 - val_mse: 0.0411
Epoch 65/100
188/188 - 0s - loss: 0.0085 - mse: 0.0085 - val_loss: 0.0410 - val_mse: 0.0410
Epoch 66/100
188/188 - 0s - loss: 0.0084 - mse: 0.0084 - val_loss: 0.0410 - val_mse: 0.0410
Epoch 67/100
188/188 - 0s - loss: 0.0081 - mse: 0.0081 - val_loss: 0.0409 - val_mse: 0.0409
Epoch 68/100
188/188 - 0s - loss: 0.0078 - mse: 0.0078 - val_loss: 0.0398 - val_mse: 0.0398
Epoch 69/100
188/188 - 0s - loss: 0.0076 - mse: 0.0076 - val_loss: 0.0406 - val_mse: 0.0406
Epoch 70/100
188/188 - 0s - loss: 0.0074 - mse: 0.0074 - val_loss: 0.0405 - val_mse: 0.0405
Epoch 71/100
188/188 - 0s - loss: 0.0072 - mse: 0.0072 - val_loss: 0.0402 - val_mse: 0.0402
Epoch 72/100
188/188 - 0s - loss: 0.0071 - mse: 0.0071 - val_loss: 0.0403 - val_mse: 0.0403
Epoch 73/100
188/188 - 0s - loss: 0.0069 - mse: 0.0069 - val_loss: 0.0404 - val_mse: 0.0404
Epoch 74/100
188/188 - 0s - loss: 0.0068 - mse: 0.0068 - val_loss: 0.0400 - val_mse: 0.0400
Epoch 75/100
188/188 - 0s - loss: 0.0066 - mse: 0.0066 - val_loss: 0.0401 - val_mse: 0.0401
Epoch 76/100
188/188 - 0s - loss: 0.0065 - mse: 0.0065 - val_loss: 0.0404 - val_mse: 0.0404
Epoch 77/100
188/188 - 0s - loss: 0.0064 - mse: 0.0064 - val_loss: 0.0402 - val_mse: 0.0402
Epoch 78/100
188/188 - 0s - loss: 0.0062 - mse: 0.0062 - val_loss: 0.0405 - val_mse: 0.0405
