
The following have been reloaded with a version change:
  1) FFTW/3.3.8-gompic-2019b => FFTW/3.3.8-gompi-2019b
  2) OpenMPI/3.1.4-gcccuda-2019b => OpenMPI/3.1.4-GCC-8.3.0
  3) ScaLAPACK/2.0.2-gompic-2019b => ScaLAPACK/2.0.2-gompi-2019b
  4) SciPy-bundle/2019.10-fosscuda-2019b-Python-3.7.4 => SciPy-bundle/2019.10-foss-2019b-Python-3.7.4

Overview of modules that are loaded

Currently Loaded Modules:
  1) GCCcore/8.3.0
  2) zlib/1.2.11-GCCcore-8.3.0
  3) binutils/2.32-GCCcore-8.3.0
  4) bzip2/1.0.8-GCCcore-8.3.0
  5) ncurses/6.1-GCCcore-8.3.0
  6) libreadline/8.0-GCCcore-8.3.0
  7) Tcl/8.6.9-GCCcore-8.3.0
  8) SQLite/3.29.0-GCCcore-8.3.0
  9) XZ/5.2.4-GCCcore-8.3.0
 10) GMP/6.1.2-GCCcore-8.3.0
 11) libffi/3.2.1-GCCcore-8.3.0
 12) Python/3.7.4-GCCcore-8.3.0
 13) GCC/8.3.0
 14) CUDA/10.1.243-GCC-8.3.0
 15) gcccuda/2019b
 16) numactl/2.0.12-GCCcore-8.3.0
 17) libxml2/2.9.9-GCCcore-8.3.0
 18) libpciaccess/0.14-GCCcore-8.3.0
 19) hwloc/1.11.12-GCCcore-8.3.0
 20) OpenBLAS/0.3.7-GCC-8.3.0
 21) gompic/2019b
 22) fosscuda/2019b
 23) Szip/2.1.1-GCCcore-8.3.0
 24) HDF5/1.10.5-gompic-2019b
 25) h5py/2.10.0-fosscuda-2019b-Python-3.7.4
 26) cuDNN/7.6.4.38-gcccuda-2019b
 27) NCCL/2.4.8-gcccuda-2019b
 28) TensorFlow/2.1.0-fosscuda-2019b-Python-3.7.4
 29) OpenMPI/3.1.4-GCC-8.3.0
 30) gompi/2019b
 31) FFTW/3.3.8-gompi-2019b
 32) ScaLAPACK/2.0.2-gompi-2019b
 33) foss/2019b
 34) SciPy-bundle/2019.10-foss-2019b-Python-3.7.4
 35) libpng/1.6.37-GCCcore-8.3.0
 36) freetype/2.10.1-GCCcore-8.3.0
 37) expat/2.2.7-GCCcore-8.3.0
 38) util-linux/2.34-GCCcore-8.3.0
 39) fontconfig/2.13.1-GCCcore-8.3.0
 40) X11/20190717-GCCcore-8.3.0
 41) Tk/8.6.9-GCCcore-8.3.0
 42) Tkinter/3.7.4-GCCcore-8.3.0
 43) matplotlib/3.1.1-foss-2019b-Python-3.7.4

 

starting data_translator
2021-06-30 16:43:30.114632: I tensorflow/stream_executor/platform/default/dso_loader.cc:44] Successfully opened dynamic library libcudart.so.10.1
